2024-04-19 00:35:39.691 [main] INFO  FRAMEWORK.UtilScreenshotAndReport - Logging to dynamically created file: C:\Users\biswa\eclipse-workspace\BiswajitFramework\STATIC_RESULT\2024\April\19\DEMO\Logs\DEMO.log
2024-04-19 00:35:41.893 [main] INFO  FRAMEWORK.ConnectDataSheet - Info Message :  org.openqa.selenium.SessionNotCreatedException: Could not start a new session. Response code 500. Message: session not created: This version of ChromeDriver only supports Chrome version 122
Current browser version is 124.0.6367.60 with binary path C:\Program Files\Google\Chrome\Application\chrome.exe
Build info: version: '4.3.0', revision: 'a4995e2c09*'
System info: host: 'BISWAJIT2000', ip: '192.168.1.106', os.name: 'Windows 11', os.arch: 'amd64', os.version: '10.0', java.version: '17.0.3.1'
Driver info: org.openqa.selenium.chrome.ChromeDriver
Command: [null, newSession {capabilities=[Capabilities {browserName: chrome, goog:chromeOptions: {args: [--remote-allow-origins=*, --no-sandbox, --disable-notifications, --disable-cache], extensions: []}, pageLoadStrategy: normal}], desiredCapabilities=Capabilities {browserName: chrome, goog:chromeOptions: {args: [--remote-allow-origins=*, --no-sandbox, --disable-notifications, --disable-cache], extensions: []}, pageLoadStrategy: normal}}]
2024-04-19 00:35:41.895 [main] WARN  FRAMEWORK.ConnectDataSheet - Warn Message :  org.openqa.selenium.SessionNotCreatedException: Could not start a new session. Response code 500. Message: session not created: This version of ChromeDriver only supports Chrome version 122
Current browser version is 124.0.6367.60 with binary path C:\Program Files\Google\Chrome\Application\chrome.exe
Build info: version: '4.3.0', revision: 'a4995e2c09*'
System info: host: 'BISWAJIT2000', ip: '192.168.1.106', os.name: 'Windows 11', os.arch: 'amd64', os.version: '10.0', java.version: '17.0.3.1'
Driver info: org.openqa.selenium.chrome.ChromeDriver
Command: [null, newSession {capabilities=[Capabilities {browserName: chrome, goog:chromeOptions: {args: [--remote-allow-origins=*, --no-sandbox, --disable-notifications, --disable-cache], extensions: []}, pageLoadStrategy: normal}], desiredCapabilities=Capabilities {browserName: chrome, goog:chromeOptions: {args: [--remote-allow-origins=*, --no-sandbox, --disable-notifications, --disable-cache], extensions: []}, pageLoadStrategy: normal}}]
2024-04-19 00:35:41.895 [main] ERROR FRAMEWORK.ConnectDataSheet - Error Message :  org.openqa.selenium.SessionNotCreatedException: Could not start a new session. Response code 500. Message: session not created: This version of ChromeDriver only supports Chrome version 122
Current browser version is 124.0.6367.60 with binary path C:\Program Files\Google\Chrome\Application\chrome.exe
Build info: version: '4.3.0', revision: 'a4995e2c09*'
System info: host: 'BISWAJIT2000', ip: '192.168.1.106', os.name: 'Windows 11', os.arch: 'amd64', os.version: '10.0', java.version: '17.0.3.1'
Driver info: org.openqa.selenium.chrome.ChromeDriver
Command: [null, newSession {capabilities=[Capabilities {browserName: chrome, goog:chromeOptions: {args: [--remote-allow-origins=*, --no-sandbox, --disable-notifications, --disable-cache], extensions: []}, pageLoadStrategy: normal}], desiredCapabilities=Capabilities {browserName: chrome, goog:chromeOptions: {args: [--remote-allow-origins=*, --no-sandbox, --disable-notifications, --disable-cache], extensions: []}, pageLoadStrategy: normal}}]
2024-04-19 00:35:41.896 [main] FATAL FRAMEWORK.ConnectDataSheet - Fatal Message : org.openqa.selenium.SessionNotCreatedException: Could not start a new session. Response code 500. Message: session not created: This version of ChromeDriver only supports Chrome version 122
Current browser version is 124.0.6367.60 with binary path C:\Program Files\Google\Chrome\Application\chrome.exe
Build info: version: '4.3.0', revision: 'a4995e2c09*'
System info: host: 'BISWAJIT2000', ip: '192.168.1.106', os.name: 'Windows 11', os.arch: 'amd64', os.version: '10.0', java.version: '17.0.3.1'
Driver info: org.openqa.selenium.chrome.ChromeDriver
Command: [null, newSession {capabilities=[Capabilities {browserName: chrome, goog:chromeOptions: {args: [--remote-allow-origins=*, --no-sandbox, --disable-notifications, --disable-cache], extensions: []}, pageLoadStrategy: normal}], desiredCapabilities=Capabilities {browserName: chrome, goog:chromeOptions: {args: [--remote-allow-origins=*, --no-sandbox, --disable-notifications, --disable-cache], extensions: []}, pageLoadStrategy: normal}}]
2024-04-19 00:35:41.935 [main] INFO  FRAMEWORK.ConnectDataSheet - Info Message :  java.lang.NullPointerException: Cannot invoke "org.openqa.selenium.WebDriver.get(String)" because "FRAMEWORK.ActionClass.driver" is null
2024-04-19 00:35:41.937 [main] WARN  FRAMEWORK.ConnectDataSheet - Warn Message :  java.lang.NullPointerException: Cannot invoke "org.openqa.selenium.WebDriver.get(String)" because "FRAMEWORK.ActionClass.driver" is null
2024-04-19 00:35:41.938 [main] ERROR FRAMEWORK.ConnectDataSheet - Error Message :  java.lang.NullPointerException: Cannot invoke "org.openqa.selenium.WebDriver.get(String)" because "FRAMEWORK.ActionClass.driver" is null
2024-04-19 00:35:41.939 [main] FATAL FRAMEWORK.ConnectDataSheet - Fatal Message : java.lang.NullPointerException: Cannot invoke "org.openqa.selenium.WebDriver.get(String)" because "FRAMEWORK.ActionClass.driver" is null
2024-04-19 00:35:41.944 [main] INFO  FRAMEWORK.ConnectDataSheet - Info Message :  java.lang.NullPointerException: Cannot invoke "org.openqa.selenium.WebDriver.manage()" because "FRAMEWORK.BrowserClass.driver" is null
2024-04-19 00:35:41.946 [main] WARN  FRAMEWORK.ConnectDataSheet - Warn Message :  java.lang.NullPointerException: Cannot invoke "org.openqa.selenium.WebDriver.manage()" because "FRAMEWORK.BrowserClass.driver" is null
2024-04-19 00:35:41.946 [main] ERROR FRAMEWORK.ConnectDataSheet - Error Message :  java.lang.NullPointerException: Cannot invoke "org.openqa.selenium.WebDriver.manage()" because "FRAMEWORK.BrowserClass.driver" is null
2024-04-19 00:35:41.947 [main] FATAL FRAMEWORK.ConnectDataSheet - Fatal Message : java.lang.NullPointerException: Cannot invoke "org.openqa.selenium.WebDriver.manage()" because "FRAMEWORK.BrowserClass.driver" is null
2024-04-19 00:35:41.948 [main] ERROR FRAMEWORK.ConnectDataSheet - ERROR MESSAGE :  java.lang.NullPointerException: Cannot invoke "org.openqa.selenium.WebDriver.findElement(org.openqa.selenium.By)" because "FRAMEWORK.LocatorClass.driver" is null
2024-04-19 00:35:41.950 [main] INFO  FRAMEWORK.ConnectDataSheet - Info Message :  java.lang.NullPointerException: Cannot invoke "org.openqa.selenium.WebElement.click()" because "FRAMEWORK.ActionClass.element" is null
2024-04-19 00:35:41.950 [main] WARN  FRAMEWORK.ConnectDataSheet - Warn Message :  java.lang.NullPointerException: Cannot invoke "org.openqa.selenium.WebElement.click()" because "FRAMEWORK.ActionClass.element" is null
2024-04-19 00:35:41.950 [main] ERROR FRAMEWORK.ConnectDataSheet - Error Message :  java.lang.NullPointerException: Cannot invoke "org.openqa.selenium.WebElement.click()" because "FRAMEWORK.ActionClass.element" is null
2024-04-19 00:35:41.950 [main] FATAL FRAMEWORK.ConnectDataSheet - Fatal Message : java.lang.NullPointerException: Cannot invoke "org.openqa.selenium.WebElement.click()" because "FRAMEWORK.ActionClass.element" is null
2024-04-19 00:35:41.952 [main] ERROR FRAMEWORK.ConnectDataSheet - ERROR MESSAGE :  java.lang.NullPointerException: Cannot invoke "org.openqa.selenium.WebDriver.findElement(org.openqa.selenium.By)" because "FRAMEWORK.LocatorClass.driver" is null
2024-04-19 00:35:41.954 [main] INFO  FRAMEWORK.ConnectDataSheet - Info Message :  java.lang.NullPointerException: Cannot invoke "org.openqa.selenium.WebElement.click()" because "FRAMEWORK.ActionClass.element" is null
2024-04-19 00:35:41.954 [main] WARN  FRAMEWORK.ConnectDataSheet - Warn Message :  java.lang.NullPointerException: Cannot invoke "org.openqa.selenium.WebElement.click()" because "FRAMEWORK.ActionClass.element" is null
2024-04-19 00:35:41.956 [main] ERROR FRAMEWORK.ConnectDataSheet - Error Message :  java.lang.NullPointerException: Cannot invoke "org.openqa.selenium.WebElement.click()" because "FRAMEWORK.ActionClass.element" is null
2024-04-19 00:35:41.957 [main] FATAL FRAMEWORK.ConnectDataSheet - Fatal Message : java.lang.NullPointerException: Cannot invoke "org.openqa.selenium.WebElement.click()" because "FRAMEWORK.ActionClass.element" is null
2024-04-19 00:35:41.964 [main] ERROR FRAMEWORK.ConnectDataSheet - ERROR MESSAGE :  java.lang.NullPointerException: Cannot invoke "org.openqa.selenium.WebDriver.findElement(org.openqa.selenium.By)" because "FRAMEWORK.LocatorClass.driver" is null
2024-04-19 00:35:41.965 [main] INFO  FRAMEWORK.ConnectDataSheet - Info Message :  java.lang.IllegalArgumentException: Driver must be set
2024-04-19 00:35:41.966 [main] WARN  FRAMEWORK.ConnectDataSheet - Warn Message :  java.lang.IllegalArgumentException: Driver must be set
2024-04-19 00:35:41.966 [main] ERROR FRAMEWORK.ConnectDataSheet - Error Message :  java.lang.IllegalArgumentException: Driver must be set
2024-04-19 00:35:41.966 [main] FATAL FRAMEWORK.ConnectDataSheet - Fatal Message : java.lang.IllegalArgumentException: Driver must be set
2024-04-19 00:35:41.967 [main] ERROR FRAMEWORK.ConnectDataSheet - ERROR MESSAGE :  java.lang.NullPointerException: Cannot invoke "org.openqa.selenium.WebDriver.findElement(org.openqa.selenium.By)" because "FRAMEWORK.LocatorClass.driver" is null
2024-04-19 00:35:41.968 [main] INFO  FRAMEWORK.ConnectDataSheet - Info Message :  java.lang.NullPointerException: Cannot invoke "org.openqa.selenium.WebElement.click()" because "FRAMEWORK.ActionClass.element" is null
2024-04-19 00:35:41.968 [main] WARN  FRAMEWORK.ConnectDataSheet - Warn Message :  java.lang.NullPointerException: Cannot invoke "org.openqa.selenium.WebElement.click()" because "FRAMEWORK.ActionClass.element" is null
2024-04-19 00:35:41.968 [main] ERROR FRAMEWORK.ConnectDataSheet - Error Message :  java.lang.NullPointerException: Cannot invoke "org.openqa.selenium.WebElement.click()" because "FRAMEWORK.ActionClass.element" is null
2024-04-19 00:35:41.969 [main] FATAL FRAMEWORK.ConnectDataSheet - Fatal Message : java.lang.NullPointerException: Cannot invoke "org.openqa.selenium.WebElement.click()" because "FRAMEWORK.ActionClass.element" is null
2024-04-19 00:35:41.972 [main] ERROR FRAMEWORK.ConnectDataSheet - ERROR MESSAGE :  java.lang.NullPointerException: Cannot invoke "org.openqa.selenium.WebDriver.findElement(org.openqa.selenium.By)" because "FRAMEWORK.LocatorClass.driver" is null
2024-04-19 00:35:41.976 [main] INFO  FRAMEWORK.ConnectDataSheet - Info Message :  java.lang.IllegalArgumentException: Driver must be set
2024-04-19 00:35:41.978 [main] WARN  FRAMEWORK.ConnectDataSheet - Warn Message :  java.lang.IllegalArgumentException: Driver must be set
2024-04-19 00:35:41.980 [main] ERROR FRAMEWORK.ConnectDataSheet - Error Message :  java.lang.IllegalArgumentException: Driver must be set
2024-04-19 00:35:41.981 [main] FATAL FRAMEWORK.ConnectDataSheet - Fatal Message : java.lang.IllegalArgumentException: Driver must be set
2024-04-19 00:35:41.985 [main] ERROR FRAMEWORK.ConnectDataSheet - ERROR MESSAGE :  java.lang.NullPointerException: Cannot invoke "org.openqa.selenium.WebDriver.findElement(org.openqa.selenium.By)" because "FRAMEWORK.LocatorClass.driver" is null
2024-04-19 00:35:41.991 [main] INFO  FRAMEWORK.ConnectDataSheet - Info Message :  java.lang.NullPointerException: Cannot invoke "org.openqa.selenium.WebElement.click()" because "FRAMEWORK.ActionClass.element" is null
2024-04-19 00:35:41.992 [main] WARN  FRAMEWORK.ConnectDataSheet - Warn Message :  java.lang.NullPointerException: Cannot invoke "org.openqa.selenium.WebElement.click()" because "FRAMEWORK.ActionClass.element" is null
2024-04-19 00:35:41.992 [main] ERROR FRAMEWORK.ConnectDataSheet - Error Message :  java.lang.NullPointerException: Cannot invoke "org.openqa.selenium.WebElement.click()" because "FRAMEWORK.ActionClass.element" is null
2024-04-19 00:35:41.992 [main] FATAL FRAMEWORK.ConnectDataSheet - Fatal Message : java.lang.NullPointerException: Cannot invoke "org.openqa.selenium.WebElement.click()" because "FRAMEWORK.ActionClass.element" is null
2024-04-19 00:35:41.993 [main] ERROR FRAMEWORK.ConnectDataSheet - ERROR MESSAGE :  java.lang.NullPointerException: Cannot invoke "org.openqa.selenium.WebDriver.findElement(org.openqa.selenium.By)" because "FRAMEWORK.LocatorClass.driver" is null
2024-04-19 00:35:41.996 [main] INFO  FRAMEWORK.ConnectDataSheet - Info Message :  java.lang.IllegalArgumentException: Driver must be set
2024-04-19 00:35:41.996 [main] WARN  FRAMEWORK.ConnectDataSheet - Warn Message :  java.lang.IllegalArgumentException: Driver must be set
2024-04-19 00:35:41.996 [main] ERROR FRAMEWORK.ConnectDataSheet - Error Message :  java.lang.IllegalArgumentException: Driver must be set
2024-04-19 00:35:41.997 [main] FATAL FRAMEWORK.ConnectDataSheet - Fatal Message : java.lang.IllegalArgumentException: Driver must be set
2024-04-19 00:35:41.998 [main] ERROR FRAMEWORK.ConnectDataSheet - ERROR MESSAGE :  java.lang.NullPointerException: Cannot invoke "org.openqa.selenium.WebDriver.findElement(org.openqa.selenium.By)" because "FRAMEWORK.LocatorClass.driver" is null
2024-04-19 00:35:42.000 [main] INFO  FRAMEWORK.ConnectDataSheet - Info Message :  java.lang.NullPointerException: Cannot invoke "org.openqa.selenium.WebElement.click()" because "FRAMEWORK.ActionClass.element" is null
2024-04-19 00:35:42.001 [main] WARN  FRAMEWORK.ConnectDataSheet - Warn Message :  java.lang.NullPointerException: Cannot invoke "org.openqa.selenium.WebElement.click()" because "FRAMEWORK.ActionClass.element" is null
2024-04-19 00:35:42.001 [main] ERROR FRAMEWORK.ConnectDataSheet - Error Message :  java.lang.NullPointerException: Cannot invoke "org.openqa.selenium.WebElement.click()" because "FRAMEWORK.ActionClass.element" is null
2024-04-19 00:35:42.001 [main] FATAL FRAMEWORK.ConnectDataSheet - Fatal Message : java.lang.NullPointerException: Cannot invoke "org.openqa.selenium.WebElement.click()" because "FRAMEWORK.ActionClass.element" is null
2024-04-19 00:35:42.002 [main] ERROR FRAMEWORK.ConnectDataSheet - ERROR MESSAGE :  java.lang.NullPointerException: Cannot invoke "org.openqa.selenium.WebDriver.findElement(org.openqa.selenium.By)" because "FRAMEWORK.LocatorClass.driver" is null
2024-04-19 00:35:42.004 [main] INFO  FRAMEWORK.ConnectDataSheet - Info Message :  java.lang.IllegalArgumentException: Driver must be set
2024-04-19 00:35:42.004 [main] WARN  FRAMEWORK.ConnectDataSheet - Warn Message :  java.lang.IllegalArgumentException: Driver must be set
2024-04-19 00:35:42.004 [main] ERROR FRAMEWORK.ConnectDataSheet - Error Message :  java.lang.IllegalArgumentException: Driver must be set
2024-04-19 00:35:42.004 [main] FATAL FRAMEWORK.ConnectDataSheet - Fatal Message : java.lang.IllegalArgumentException: Driver must be set
2024-04-19 00:35:42.005 [main] ERROR FRAMEWORK.ConnectDataSheet - ERROR MESSAGE :  java.lang.NullPointerException: Cannot invoke "org.openqa.selenium.WebDriver.findElement(org.openqa.selenium.By)" because "FRAMEWORK.LocatorClass.driver" is null
2024-04-19 00:35:42.008 [main] INFO  FRAMEWORK.ConnectDataSheet - Info Message :  java.lang.NullPointerException: Cannot invoke "org.openqa.selenium.WebElement.click()" because "FRAMEWORK.ActionClass.element" is null
2024-04-19 00:35:42.008 [main] WARN  FRAMEWORK.ConnectDataSheet - Warn Message :  java.lang.NullPointerException: Cannot invoke "org.openqa.selenium.WebElement.click()" because "FRAMEWORK.ActionClass.element" is null
2024-04-19 00:35:42.009 [main] ERROR FRAMEWORK.ConnectDataSheet - Error Message :  java.lang.NullPointerException: Cannot invoke "org.openqa.selenium.WebElement.click()" because "FRAMEWORK.ActionClass.element" is null
2024-04-19 00:35:42.009 [main] FATAL FRAMEWORK.ConnectDataSheet - Fatal Message : java.lang.NullPointerException: Cannot invoke "org.openqa.selenium.WebElement.click()" because "FRAMEWORK.ActionClass.element" is null
2024-04-19 00:35:42.010 [main] ERROR FRAMEWORK.ConnectDataSheet - ERROR MESSAGE :  java.lang.NullPointerException: Cannot invoke "org.openqa.selenium.WebDriver.findElement(org.openqa.selenium.By)" because "FRAMEWORK.LocatorClass.driver" is null
2024-04-19 00:35:42.012 [main] INFO  FRAMEWORK.ConnectDataSheet - Info Message :  java.lang.IllegalArgumentException: Driver must be set
2024-04-19 00:35:42.012 [main] WARN  FRAMEWORK.ConnectDataSheet - Warn Message :  java.lang.IllegalArgumentException: Driver must be set
2024-04-19 00:35:42.012 [main] ERROR FRAMEWORK.ConnectDataSheet - Error Message :  java.lang.IllegalArgumentException: Driver must be set
2024-04-19 00:35:42.012 [main] FATAL FRAMEWORK.ConnectDataSheet - Fatal Message : java.lang.IllegalArgumentException: Driver must be set
2024-04-19 00:35:42.014 [main] ERROR FRAMEWORK.ConnectDataSheet - ERROR MESSAGE :  java.lang.NullPointerException: Cannot invoke "org.openqa.selenium.WebDriver.findElement(org.openqa.selenium.By)" because "FRAMEWORK.LocatorClass.driver" is null
2024-04-19 00:35:42.016 [main] INFO  FRAMEWORK.ConnectDataSheet - Info Message :  java.lang.NullPointerException: Cannot invoke "org.openqa.selenium.WebElement.click()" because "FRAMEWORK.ActionClass.element" is null
2024-04-19 00:35:42.017 [main] WARN  FRAMEWORK.ConnectDataSheet - Warn Message :  java.lang.NullPointerException: Cannot invoke "org.openqa.selenium.WebElement.click()" because "FRAMEWORK.ActionClass.element" is null
2024-04-19 00:35:42.017 [main] ERROR FRAMEWORK.ConnectDataSheet - Error Message :  java.lang.NullPointerException: Cannot invoke "org.openqa.selenium.WebElement.click()" because "FRAMEWORK.ActionClass.element" is null
2024-04-19 00:35:42.017 [main] FATAL FRAMEWORK.ConnectDataSheet - Fatal Message : java.lang.NullPointerException: Cannot invoke "org.openqa.selenium.WebElement.click()" because "FRAMEWORK.ActionClass.element" is null
2024-04-19 00:35:42.018 [main] ERROR FRAMEWORK.ConnectDataSheet - ERROR MESSAGE :  java.lang.NullPointerException: Cannot invoke "org.openqa.selenium.WebDriver.findElement(org.openqa.selenium.By)" because "FRAMEWORK.LocatorClass.driver" is null
2024-04-19 00:35:42.024 [main] INFO  FRAMEWORK.ConnectDataSheet - Info Message :  java.lang.IllegalArgumentException: Driver must be set
2024-04-19 00:35:42.025 [main] WARN  FRAMEWORK.ConnectDataSheet - Warn Message :  java.lang.IllegalArgumentException: Driver must be set
2024-04-19 00:35:42.026 [main] ERROR FRAMEWORK.ConnectDataSheet - Error Message :  java.lang.IllegalArgumentException: Driver must be set
2024-04-19 00:35:42.026 [main] FATAL FRAMEWORK.ConnectDataSheet - Fatal Message : java.lang.IllegalArgumentException: Driver must be set
2024-04-19 00:35:42.027 [main] ERROR FRAMEWORK.ConnectDataSheet - ERROR MESSAGE :  java.lang.NullPointerException: Cannot invoke "org.openqa.selenium.WebDriver.findElement(org.openqa.selenium.By)" because "FRAMEWORK.LocatorClass.driver" is null
2024-04-19 00:35:42.029 [main] INFO  FRAMEWORK.ConnectDataSheet - Info Message :  java.lang.NullPointerException: Cannot invoke "org.openqa.selenium.WebElement.click()" because "FRAMEWORK.ActionClass.element" is null
2024-04-19 00:35:42.030 [main] WARN  FRAMEWORK.ConnectDataSheet - Warn Message :  java.lang.NullPointerException: Cannot invoke "org.openqa.selenium.WebElement.click()" because "FRAMEWORK.ActionClass.element" is null
2024-04-19 00:35:42.031 [main] ERROR FRAMEWORK.ConnectDataSheet - Error Message :  java.lang.NullPointerException: Cannot invoke "org.openqa.selenium.WebElement.click()" because "FRAMEWORK.ActionClass.element" is null
2024-04-19 00:35:42.031 [main] FATAL FRAMEWORK.ConnectDataSheet - Fatal Message : java.lang.NullPointerException: Cannot invoke "org.openqa.selenium.WebElement.click()" because "FRAMEWORK.ActionClass.element" is null
2024-04-19 00:35:42.033 [main] ERROR FRAMEWORK.ConnectDataSheet - ERROR MESSAGE :  java.lang.NullPointerException: Cannot invoke "org.openqa.selenium.WebDriver.findElement(org.openqa.selenium.By)" because "FRAMEWORK.LocatorClass.driver" is null
2024-04-19 00:35:42.039 [main] INFO  FRAMEWORK.ConnectDataSheet - Info Message :  java.lang.IllegalArgumentException: Driver must be set
2024-04-19 00:35:42.040 [main] WARN  FRAMEWORK.ConnectDataSheet - Warn Message :  java.lang.IllegalArgumentException: Driver must be set
2024-04-19 00:35:42.040 [main] ERROR FRAMEWORK.ConnectDataSheet - Error Message :  java.lang.IllegalArgumentException: Driver must be set
2024-04-19 00:35:42.041 [main] FATAL FRAMEWORK.ConnectDataSheet - Fatal Message : java.lang.IllegalArgumentException: Driver must be set
2024-04-19 00:35:42.043 [main] ERROR FRAMEWORK.ConnectDataSheet - ERROR MESSAGE :  java.lang.NullPointerException: Cannot invoke "org.openqa.selenium.WebDriver.findElement(org.openqa.selenium.By)" because "FRAMEWORK.LocatorClass.driver" is null
2024-04-19 00:35:42.045 [main] INFO  FRAMEWORK.ConnectDataSheet - Info Message :  java.lang.NullPointerException: Cannot invoke "org.openqa.selenium.WebElement.click()" because "FRAMEWORK.ActionClass.element" is null
2024-04-19 00:35:42.046 [main] WARN  FRAMEWORK.ConnectDataSheet - Warn Message :  java.lang.NullPointerException: Cannot invoke "org.openqa.selenium.WebElement.click()" because "FRAMEWORK.ActionClass.element" is null
2024-04-19 00:35:42.046 [main] ERROR FRAMEWORK.ConnectDataSheet - Error Message :  java.lang.NullPointerException: Cannot invoke "org.openqa.selenium.WebElement.click()" because "FRAMEWORK.ActionClass.element" is null
2024-04-19 00:35:42.046 [main] FATAL FRAMEWORK.ConnectDataSheet - Fatal Message : java.lang.NullPointerException: Cannot invoke "org.openqa.selenium.WebElement.click()" because "FRAMEWORK.ActionClass.element" is null
2024-04-19 00:35:42.049 [main] ERROR FRAMEWORK.ConnectDataSheet - ERROR MESSAGE :  java.lang.NullPointerException: Cannot invoke "org.openqa.selenium.WebDriver.findElement(org.openqa.selenium.By)" because "FRAMEWORK.LocatorClass.driver" is null
2024-04-19 00:35:42.051 [main] INFO  FRAMEWORK.ConnectDataSheet - Info Message :  java.lang.IllegalArgumentException: Driver must be set
2024-04-19 00:35:42.053 [main] WARN  FRAMEWORK.ConnectDataSheet - Warn Message :  java.lang.IllegalArgumentException: Driver must be set
2024-04-19 00:35:42.054 [main] ERROR FRAMEWORK.ConnectDataSheet - Error Message :  java.lang.IllegalArgumentException: Driver must be set
2024-04-19 00:35:42.055 [main] FATAL FRAMEWORK.ConnectDataSheet - Fatal Message : java.lang.IllegalArgumentException: Driver must be set
2024-04-19 00:35:42.058 [main] ERROR FRAMEWORK.ConnectDataSheet - ERROR MESSAGE :  java.lang.NullPointerException: Cannot invoke "org.openqa.selenium.WebDriver.findElement(org.openqa.selenium.By)" because "FRAMEWORK.LocatorClass.driver" is null
2024-04-19 00:35:42.062 [main] INFO  FRAMEWORK.ConnectDataSheet - Info Message :  java.lang.NullPointerException: Cannot invoke "org.openqa.selenium.WebElement.click()" because "FRAMEWORK.ActionClass.element" is null
2024-04-19 00:35:42.063 [main] WARN  FRAMEWORK.ConnectDataSheet - Warn Message :  java.lang.NullPointerException: Cannot invoke "org.openqa.selenium.WebElement.click()" because "FRAMEWORK.ActionClass.element" is null
2024-04-19 00:35:42.063 [main] ERROR FRAMEWORK.ConnectDataSheet - Error Message :  java.lang.NullPointerException: Cannot invoke "org.openqa.selenium.WebElement.click()" because "FRAMEWORK.ActionClass.element" is null
2024-04-19 00:35:42.064 [main] FATAL FRAMEWORK.ConnectDataSheet - Fatal Message : java.lang.NullPointerException: Cannot invoke "org.openqa.selenium.WebElement.click()" because "FRAMEWORK.ActionClass.element" is null
2024-04-19 00:35:42.066 [main] ERROR FRAMEWORK.ConnectDataSheet - ERROR MESSAGE :  java.lang.NullPointerException: Cannot invoke "org.openqa.selenium.WebDriver.findElement(org.openqa.selenium.By)" because "FRAMEWORK.LocatorClass.driver" is null
2024-04-19 00:35:42.068 [main] INFO  FRAMEWORK.ConnectDataSheet - Info Message :  java.lang.IllegalArgumentException: Driver must be set
2024-04-19 00:35:42.069 [main] WARN  FRAMEWORK.ConnectDataSheet - Warn Message :  java.lang.IllegalArgumentException: Driver must be set
2024-04-19 00:35:42.070 [main] ERROR FRAMEWORK.ConnectDataSheet - Error Message :  java.lang.IllegalArgumentException: Driver must be set
2024-04-19 00:35:42.071 [main] FATAL FRAMEWORK.ConnectDataSheet - Fatal Message : java.lang.IllegalArgumentException: Driver must be set
2024-04-19 00:35:42.075 [main] ERROR FRAMEWORK.ConnectDataSheet - ERROR MESSAGE :  java.lang.NullPointerException: Cannot invoke "org.openqa.selenium.WebDriver.findElement(org.openqa.selenium.By)" because "FRAMEWORK.LocatorClass.driver" is null
2024-04-19 00:35:42.078 [main] INFO  FRAMEWORK.ConnectDataSheet - Info Message :  java.lang.NullPointerException: Cannot invoke "org.openqa.selenium.WebElement.click()" because "FRAMEWORK.ActionClass.element" is null
2024-04-19 00:35:42.079 [main] WARN  FRAMEWORK.ConnectDataSheet - Warn Message :  java.lang.NullPointerException: Cannot invoke "org.openqa.selenium.WebElement.click()" because "FRAMEWORK.ActionClass.element" is null
2024-04-19 00:35:42.080 [main] ERROR FRAMEWORK.ConnectDataSheet - Error Message :  java.lang.NullPointerException: Cannot invoke "org.openqa.selenium.WebElement.click()" because "FRAMEWORK.ActionClass.element" is null
2024-04-19 00:35:42.081 [main] FATAL FRAMEWORK.ConnectDataSheet - Fatal Message : java.lang.NullPointerException: Cannot invoke "org.openqa.selenium.WebElement.click()" because "FRAMEWORK.ActionClass.element" is null
2024-04-19 00:35:42.083 [main] ERROR FRAMEWORK.ConnectDataSheet - ERROR MESSAGE :  java.lang.NullPointerException: Cannot invoke "org.openqa.selenium.WebDriver.findElement(org.openqa.selenium.By)" because "FRAMEWORK.LocatorClass.driver" is null
2024-04-19 00:35:42.085 [main] INFO  FRAMEWORK.ConnectDataSheet - Info Message :  java.lang.IllegalArgumentException: Driver must be set
2024-04-19 00:35:42.086 [main] WARN  FRAMEWORK.ConnectDataSheet - Warn Message :  java.lang.IllegalArgumentException: Driver must be set
2024-04-19 00:35:42.087 [main] ERROR FRAMEWORK.ConnectDataSheet - Error Message :  java.lang.IllegalArgumentException: Driver must be set
2024-04-19 00:35:42.087 [main] FATAL FRAMEWORK.ConnectDataSheet - Fatal Message : java.lang.IllegalArgumentException: Driver must be set
2024-04-19 00:35:42.092 [main] INFO  FRAMEWORK.ConnectDataSheet - Info Message :  java.lang.NullPointerException: Cannot invoke "org.openqa.selenium.WebDriver.close()" because "FRAMEWORK.ActionClass.driver" is null
2024-04-19 00:35:42.093 [main] WARN  FRAMEWORK.ConnectDataSheet - Warn Message :  java.lang.NullPointerException: Cannot invoke "org.openqa.selenium.WebDriver.close()" because "FRAMEWORK.ActionClass.driver" is null
2024-04-19 00:35:42.093 [main] ERROR FRAMEWORK.ConnectDataSheet - Error Message :  java.lang.NullPointerException: Cannot invoke "org.openqa.selenium.WebDriver.close()" because "FRAMEWORK.ActionClass.driver" is null
2024-04-19 00:35:42.093 [main] FATAL FRAMEWORK.ConnectDataSheet - Fatal Message : java.lang.NullPointerException: Cannot invoke "org.openqa.selenium.WebDriver.close()" because "FRAMEWORK.ActionClass.driver" is null
2024-04-19 00:42:38.099 [main] INFO  FRAMEWORK.UtilScreenshotAndReport - Logging to dynamically created file: C:\Users\biswa\eclipse-workspace\BiswajitFramework\STATIC_RESULT\2024\April\19\DEMO\Logs\DEMO.log
2024-04-19 00:43:21.380 [main] INFO  FRAMEWORK.ConnectDataSheet - Info Message :  org.openqa.selenium.ElementClickInterceptedException: element click intercepted: Element <a href="....html" data-toggle="dropdown" class="dropdown-toggle" aria-expanded="false">SwitchTo</a> is not clickable at point (589, 87). Other element would receive the click: <iframe id="aswift_2" name="aswift_2" style="width: 100vw !important; height: 100vh !important; inset: 0px auto auto 0px !important; position: absolute !important; clear: none !important; display: inline !important; float: none !important; margin: 0px !important; max-height: none !important; max-width: none !important; opacity: 1 !important; overflow: visible !important; padding: 0px !important; vertical-align: baseline !important; visibility: visible !important; z-index: auto !important;" sandbox="allow-forms allow-popups allow-popups-to-escape-sandbox allow-same-origin allow-scripts allow-top-navigation-by-user-activation" width="" height="" frameborder="0" marginwidth="0" marginheight="0" vspace="0" hspace="0" allowtransparency="true" scrolling="no" src="https://googleads.g.doubleclick.net/pagead/html/r20240415/r20110914/zrt_lookup_fy2021.html#RS-0-&amp;adk=1812271808&amp;client=ca-pub-9173866185064071&amp;fa=8&amp;ifi=3&amp;uci=a!3" data-google-container-id="a!3" tabindex="0" title="Advertisement" aria-label="Advertisement" data-google-query-id="CJ6Io5G8zIUDFXImgwMdzesJ9g" data-load-complete="true"></iframe>
  (Session info: chrome=124.0.6367.60)
Build info: version: '4.3.0', revision: 'a4995e2c09*'
System info: host: 'BISWAJIT2000', ip: '192.168.1.106', os.name: 'Windows 11', os.arch: 'amd64', os.version: '10.0', java.version: '17.0.3.1'
Driver info: org.openqa.selenium.chrome.ChromeDriver
Command: [882262f09f78dff7d343dc380656fde2, clickElement {id=f.AD7F390ED2C1693138D1250A08D01155.d.8091F39E5687D9145FF59967E41EA288.e.26}]
Capabilities {acceptInsecureCerts: false, browserName: chrome, browserVersion: 124.0.6367.60, chrome: {chromedriverVersion: 123.0.6312.86 (9b72c47a0536..., userDataDir: C:\Users\biswa\AppData\Loca...}, fedcm:accounts: true, goog:chromeOptions: {debuggerAddress: localhost:63809}, networkConnectionEnabled: false, pageLoadStrategy: normal, platformName: WINDOWS, proxy: Proxy(), se:cdp: ws://localhost:63809/devtoo..., se:cdpVersion: 124.0.6367.60, setWindowRect: true, strictFileInteractability: false, timeouts: {implicit: 0, pageLoad: 300000, script: 30000}, unhandledPromptBehavior: dismiss and notify, webauthn:extension:credBlob: true, webauthn:extension:largeBlob: true, webauthn:extension:minPinLength: true, webauthn:extension:prf: true, webauthn:virtualAuthenticators: true}
Element: [[ChromeDriver: chrome on WINDOWS (882262f09f78dff7d343dc380656fde2)] -> xpath: //a[contains(.,'SwitchTo')]]
Session ID: 882262f09f78dff7d343dc380656fde2
2024-04-19 00:43:21.382 [main] WARN  FRAMEWORK.ConnectDataSheet - Warn Message :  org.openqa.selenium.ElementClickInterceptedException: element click intercepted: Element <a href="....html" data-toggle="dropdown" class="dropdown-toggle" aria-expanded="false">SwitchTo</a> is not clickable at point (589, 87). Other element would receive the click: <iframe id="aswift_2" name="aswift_2" style="width: 100vw !important; height: 100vh !important; inset: 0px auto auto 0px !important; position: absolute !important; clear: none !important; display: inline !important; float: none !important; margin: 0px !important; max-height: none !important; max-width: none !important; opacity: 1 !important; overflow: visible !important; padding: 0px !important; vertical-align: baseline !important; visibility: visible !important; z-index: auto !important;" sandbox="allow-forms allow-popups allow-popups-to-escape-sandbox allow-same-origin allow-scripts allow-top-navigation-by-user-activation" width="" height="" frameborder="0" marginwidth="0" marginheight="0" vspace="0" hspace="0" allowtransparency="true" scrolling="no" src="https://googleads.g.doubleclick.net/pagead/html/r20240415/r20110914/zrt_lookup_fy2021.html#RS-0-&amp;adk=1812271808&amp;client=ca-pub-9173866185064071&amp;fa=8&amp;ifi=3&amp;uci=a!3" data-google-container-id="a!3" tabindex="0" title="Advertisement" aria-label="Advertisement" data-google-query-id="CJ6Io5G8zIUDFXImgwMdzesJ9g" data-load-complete="true"></iframe>
  (Session info: chrome=124.0.6367.60)
Build info: version: '4.3.0', revision: 'a4995e2c09*'
System info: host: 'BISWAJIT2000', ip: '192.168.1.106', os.name: 'Windows 11', os.arch: 'amd64', os.version: '10.0', java.version: '17.0.3.1'
Driver info: org.openqa.selenium.chrome.ChromeDriver
Command: [882262f09f78dff7d343dc380656fde2, clickElement {id=f.AD7F390ED2C1693138D1250A08D01155.d.8091F39E5687D9145FF59967E41EA288.e.26}]
Capabilities {acceptInsecureCerts: false, browserName: chrome, browserVersion: 124.0.6367.60, chrome: {chromedriverVersion: 123.0.6312.86 (9b72c47a0536..., userDataDir: C:\Users\biswa\AppData\Loca...}, fedcm:accounts: true, goog:chromeOptions: {debuggerAddress: localhost:63809}, networkConnectionEnabled: false, pageLoadStrategy: normal, platformName: WINDOWS, proxy: Proxy(), se:cdp: ws://localhost:63809/devtoo..., se:cdpVersion: 124.0.6367.60, setWindowRect: true, strictFileInteractability: false, timeouts: {implicit: 0, pageLoad: 300000, script: 30000}, unhandledPromptBehavior: dismiss and notify, webauthn:extension:credBlob: true, webauthn:extension:largeBlob: true, webauthn:extension:minPinLength: true, webauthn:extension:prf: true, webauthn:virtualAuthenticators: true}
Element: [[ChromeDriver: chrome on WINDOWS (882262f09f78dff7d343dc380656fde2)] -> xpath: //a[contains(.,'SwitchTo')]]
Session ID: 882262f09f78dff7d343dc380656fde2
2024-04-19 00:43:21.382 [main] ERROR FRAMEWORK.ConnectDataSheet - Error Message :  org.openqa.selenium.ElementClickInterceptedException: element click intercepted: Element <a href="....html" data-toggle="dropdown" class="dropdown-toggle" aria-expanded="false">SwitchTo</a> is not clickable at point (589, 87). Other element would receive the click: <iframe id="aswift_2" name="aswift_2" style="width: 100vw !important; height: 100vh !important; inset: 0px auto auto 0px !important; position: absolute !important; clear: none !important; display: inline !important; float: none !important; margin: 0px !important; max-height: none !important; max-width: none !important; opacity: 1 !important; overflow: visible !important; padding: 0px !important; vertical-align: baseline !important; visibility: visible !important; z-index: auto !important;" sandbox="allow-forms allow-popups allow-popups-to-escape-sandbox allow-same-origin allow-scripts allow-top-navigation-by-user-activation" width="" height="" frameborder="0" marginwidth="0" marginheight="0" vspace="0" hspace="0" allowtransparency="true" scrolling="no" src="https://googleads.g.doubleclick.net/pagead/html/r20240415/r20110914/zrt_lookup_fy2021.html#RS-0-&amp;adk=1812271808&amp;client=ca-pub-9173866185064071&amp;fa=8&amp;ifi=3&amp;uci=a!3" data-google-container-id="a!3" tabindex="0" title="Advertisement" aria-label="Advertisement" data-google-query-id="CJ6Io5G8zIUDFXImgwMdzesJ9g" data-load-complete="true"></iframe>
  (Session info: chrome=124.0.6367.60)
Build info: version: '4.3.0', revision: 'a4995e2c09*'
System info: host: 'BISWAJIT2000', ip: '192.168.1.106', os.name: 'Windows 11', os.arch: 'amd64', os.version: '10.0', java.version: '17.0.3.1'
Driver info: org.openqa.selenium.chrome.ChromeDriver
Command: [882262f09f78dff7d343dc380656fde2, clickElement {id=f.AD7F390ED2C1693138D1250A08D01155.d.8091F39E5687D9145FF59967E41EA288.e.26}]
Capabilities {acceptInsecureCerts: false, browserName: chrome, browserVersion: 124.0.6367.60, chrome: {chromedriverVersion: 123.0.6312.86 (9b72c47a0536..., userDataDir: C:\Users\biswa\AppData\Loca...}, fedcm:accounts: true, goog:chromeOptions: {debuggerAddress: localhost:63809}, networkConnectionEnabled: false, pageLoadStrategy: normal, platformName: WINDOWS, proxy: Proxy(), se:cdp: ws://localhost:63809/devtoo..., se:cdpVersion: 124.0.6367.60, setWindowRect: true, strictFileInteractability: false, timeouts: {implicit: 0, pageLoad: 300000, script: 30000}, unhandledPromptBehavior: dismiss and notify, webauthn:extension:credBlob: true, webauthn:extension:largeBlob: true, webauthn:extension:minPinLength: true, webauthn:extension:prf: true, webauthn:virtualAuthenticators: true}
Element: [[ChromeDriver: chrome on WINDOWS (882262f09f78dff7d343dc380656fde2)] -> xpath: //a[contains(.,'SwitchTo')]]
Session ID: 882262f09f78dff7d343dc380656fde2
2024-04-19 00:43:21.383 [main] FATAL FRAMEWORK.ConnectDataSheet - Fatal Message : org.openqa.selenium.ElementClickInterceptedException: element click intercepted: Element <a href="....html" data-toggle="dropdown" class="dropdown-toggle" aria-expanded="false">SwitchTo</a> is not clickable at point (589, 87). Other element would receive the click: <iframe id="aswift_2" name="aswift_2" style="width: 100vw !important; height: 100vh !important; inset: 0px auto auto 0px !important; position: absolute !important; clear: none !important; display: inline !important; float: none !important; margin: 0px !important; max-height: none !important; max-width: none !important; opacity: 1 !important; overflow: visible !important; padding: 0px !important; vertical-align: baseline !important; visibility: visible !important; z-index: auto !important;" sandbox="allow-forms allow-popups allow-popups-to-escape-sandbox allow-same-origin allow-scripts allow-top-navigation-by-user-activation" width="" height="" frameborder="0" marginwidth="0" marginheight="0" vspace="0" hspace="0" allowtransparency="true" scrolling="no" src="https://googleads.g.doubleclick.net/pagead/html/r20240415/r20110914/zrt_lookup_fy2021.html#RS-0-&amp;adk=1812271808&amp;client=ca-pub-9173866185064071&amp;fa=8&amp;ifi=3&amp;uci=a!3" data-google-container-id="a!3" tabindex="0" title="Advertisement" aria-label="Advertisement" data-google-query-id="CJ6Io5G8zIUDFXImgwMdzesJ9g" data-load-complete="true"></iframe>
  (Session info: chrome=124.0.6367.60)
Build info: version: '4.3.0', revision: 'a4995e2c09*'
System info: host: 'BISWAJIT2000', ip: '192.168.1.106', os.name: 'Windows 11', os.arch: 'amd64', os.version: '10.0', java.version: '17.0.3.1'
Driver info: org.openqa.selenium.chrome.ChromeDriver
Command: [882262f09f78dff7d343dc380656fde2, clickElement {id=f.AD7F390ED2C1693138D1250A08D01155.d.8091F39E5687D9145FF59967E41EA288.e.26}]
Capabilities {acceptInsecureCerts: false, browserName: chrome, browserVersion: 124.0.6367.60, chrome: {chromedriverVersion: 123.0.6312.86 (9b72c47a0536..., userDataDir: C:\Users\biswa\AppData\Loca...}, fedcm:accounts: true, goog:chromeOptions: {debuggerAddress: localhost:63809}, networkConnectionEnabled: false, pageLoadStrategy: normal, platformName: WINDOWS, proxy: Proxy(), se:cdp: ws://localhost:63809/devtoo..., se:cdpVersion: 124.0.6367.60, setWindowRect: true, strictFileInteractability: false, timeouts: {implicit: 0, pageLoad: 300000, script: 30000}, unhandledPromptBehavior: dismiss and notify, webauthn:extension:credBlob: true, webauthn:extension:largeBlob: true, webauthn:extension:minPinLength: true, webauthn:extension:prf: true, webauthn:virtualAuthenticators: true}
Element: [[ChromeDriver: chrome on WINDOWS (882262f09f78dff7d343dc380656fde2)] -> xpath: //a[contains(.,'SwitchTo')]]
Session ID: 882262f09f78dff7d343dc380656fde2
2024-04-19 00:50:21.443 [main] INFO  FRAMEWORK.UtilScreenshotAndReport - Logging to dynamically created file: C:\Users\biswa\eclipse-workspace\BiswajitFramework\STATIC_RESULT\2024\April\19\DEMO\Logs\DEMO.log
2024-04-19 00:50:41.117 [main] INFO  FRAMEWORK.ConnectDataSheet - Info Message :  org.openqa.selenium.ElementClickInterceptedException: element click intercepted: Element <a href="....html" data-toggle="dropdown" class="dropdown-toggle" aria-expanded="false">SwitchTo</a> is not clickable at point (589, 87). Other element would receive the click: <iframe id="aswift_2" name="aswift_2" style="width: 100vw !important; height: 100vh !important; inset: 0px auto auto 0px !important; position: absolute !important; clear: none !important; display: inline !important; float: none !important; margin: 0px !important; max-height: none !important; max-width: none !important; opacity: 1 !important; overflow: visible !important; padding: 0px !important; vertical-align: baseline !important; visibility: visible !important; z-index: auto !important;" sandbox="allow-forms allow-popups allow-popups-to-escape-sandbox allow-same-origin allow-scripts allow-top-navigation-by-user-activation" width="" height="" frameborder="0" marginwidth="0" marginheight="0" vspace="0" hspace="0" allowtransparency="true" scrolling="no" src="https://googleads.g.doubleclick.net/pagead/html/r20240416/r20110914/zrt_lookup_fy2021.html#RS-0-&amp;adk=1812271808&amp;client=ca-pub-9173866185064071&amp;fa=8&amp;ifi=3&amp;uci=a!3" data-google-container-id="a!3" tabindex="0" title="Advertisement" aria-label="Advertisement" data-google-query-id="CIf7x-u9zIUDFUJanQkd_2MD-A" data-load-complete="true"></iframe>
  (Session info: chrome=124.0.6367.60)
Build info: version: '4.3.0', revision: 'a4995e2c09*'
System info: host: 'BISWAJIT2000', ip: '192.168.1.106', os.name: 'Windows 11', os.arch: 'amd64', os.version: '10.0', java.version: '17.0.3.1'
Driver info: org.openqa.selenium.chrome.ChromeDriver
Command: [64a17a95e7106e21a002adbdf8972a69, clickElement {id=f.C1FF5F8A9C1D493C15E981CA82D8B519.d.D1FBD0787658CF8F184F333FDFC4B1F9.e.76}]
Capabilities {acceptInsecureCerts: false, browserName: chrome, browserVersion: 124.0.6367.60, chrome: {chromedriverVersion: 123.0.6312.86 (9b72c47a0536..., userDataDir: C:\Users\biswa\AppData\Loca...}, fedcm:accounts: true, goog:chromeOptions: {debuggerAddress: localhost:65156}, networkConnectionEnabled: false, pageLoadStrategy: normal, platformName: WINDOWS, proxy: Proxy(), se:cdp: ws://localhost:65156/devtoo..., se:cdpVersion: 124.0.6367.60, setWindowRect: true, strictFileInteractability: false, timeouts: {implicit: 0, pageLoad: 300000, script: 30000}, unhandledPromptBehavior: dismiss and notify, webauthn:extension:credBlob: true, webauthn:extension:largeBlob: true, webauthn:extension:minPinLength: true, webauthn:extension:prf: true, webauthn:virtualAuthenticators: true}
Element: [[ChromeDriver: chrome on WINDOWS (64a17a95e7106e21a002adbdf8972a69)] -> xpath: //a[contains(.,'SwitchTo')]]
Session ID: 64a17a95e7106e21a002adbdf8972a69
2024-04-19 00:50:41.120 [main] WARN  FRAMEWORK.ConnectDataSheet - Warn Message :  org.openqa.selenium.ElementClickInterceptedException: element click intercepted: Element <a href="....html" data-toggle="dropdown" class="dropdown-toggle" aria-expanded="false">SwitchTo</a> is not clickable at point (589, 87). Other element would receive the click: <iframe id="aswift_2" name="aswift_2" style="width: 100vw !important; height: 100vh !important; inset: 0px auto auto 0px !important; position: absolute !important; clear: none !important; display: inline !important; float: none !important; margin: 0px !important; max-height: none !important; max-width: none !important; opacity: 1 !important; overflow: visible !important; padding: 0px !important; vertical-align: baseline !important; visibility: visible !important; z-index: auto !important;" sandbox="allow-forms allow-popups allow-popups-to-escape-sandbox allow-same-origin allow-scripts allow-top-navigation-by-user-activation" width="" height="" frameborder="0" marginwidth="0" marginheight="0" vspace="0" hspace="0" allowtransparency="true" scrolling="no" src="https://googleads.g.doubleclick.net/pagead/html/r20240416/r20110914/zrt_lookup_fy2021.html#RS-0-&amp;adk=1812271808&amp;client=ca-pub-9173866185064071&amp;fa=8&amp;ifi=3&amp;uci=a!3" data-google-container-id="a!3" tabindex="0" title="Advertisement" aria-label="Advertisement" data-google-query-id="CIf7x-u9zIUDFUJanQkd_2MD-A" data-load-complete="true"></iframe>
  (Session info: chrome=124.0.6367.60)
Build info: version: '4.3.0', revision: 'a4995e2c09*'
System info: host: 'BISWAJIT2000', ip: '192.168.1.106', os.name: 'Windows 11', os.arch: 'amd64', os.version: '10.0', java.version: '17.0.3.1'
Driver info: org.openqa.selenium.chrome.ChromeDriver
Command: [64a17a95e7106e21a002adbdf8972a69, clickElement {id=f.C1FF5F8A9C1D493C15E981CA82D8B519.d.D1FBD0787658CF8F184F333FDFC4B1F9.e.76}]
Capabilities {acceptInsecureCerts: false, browserName: chrome, browserVersion: 124.0.6367.60, chrome: {chromedriverVersion: 123.0.6312.86 (9b72c47a0536..., userDataDir: C:\Users\biswa\AppData\Loca...}, fedcm:accounts: true, goog:chromeOptions: {debuggerAddress: localhost:65156}, networkConnectionEnabled: false, pageLoadStrategy: normal, platformName: WINDOWS, proxy: Proxy(), se:cdp: ws://localhost:65156/devtoo..., se:cdpVersion: 124.0.6367.60, setWindowRect: true, strictFileInteractability: false, timeouts: {implicit: 0, pageLoad: 300000, script: 30000}, unhandledPromptBehavior: dismiss and notify, webauthn:extension:credBlob: true, webauthn:extension:largeBlob: true, webauthn:extension:minPinLength: true, webauthn:extension:prf: true, webauthn:virtualAuthenticators: true}
Element: [[ChromeDriver: chrome on WINDOWS (64a17a95e7106e21a002adbdf8972a69)] -> xpath: //a[contains(.,'SwitchTo')]]
Session ID: 64a17a95e7106e21a002adbdf8972a69
2024-04-19 00:50:41.121 [main] ERROR FRAMEWORK.ConnectDataSheet - Error Message :  org.openqa.selenium.ElementClickInterceptedException: element click intercepted: Element <a href="....html" data-toggle="dropdown" class="dropdown-toggle" aria-expanded="false">SwitchTo</a> is not clickable at point (589, 87). Other element would receive the click: <iframe id="aswift_2" name="aswift_2" style="width: 100vw !important; height: 100vh !important; inset: 0px auto auto 0px !important; position: absolute !important; clear: none !important; display: inline !important; float: none !important; margin: 0px !important; max-height: none !important; max-width: none !important; opacity: 1 !important; overflow: visible !important; padding: 0px !important; vertical-align: baseline !important; visibility: visible !important; z-index: auto !important;" sandbox="allow-forms allow-popups allow-popups-to-escape-sandbox allow-same-origin allow-scripts allow-top-navigation-by-user-activation" width="" height="" frameborder="0" marginwidth="0" marginheight="0" vspace="0" hspace="0" allowtransparency="true" scrolling="no" src="https://googleads.g.doubleclick.net/pagead/html/r20240416/r20110914/zrt_lookup_fy2021.html#RS-0-&amp;adk=1812271808&amp;client=ca-pub-9173866185064071&amp;fa=8&amp;ifi=3&amp;uci=a!3" data-google-container-id="a!3" tabindex="0" title="Advertisement" aria-label="Advertisement" data-google-query-id="CIf7x-u9zIUDFUJanQkd_2MD-A" data-load-complete="true"></iframe>
  (Session info: chrome=124.0.6367.60)
Build info: version: '4.3.0', revision: 'a4995e2c09*'
System info: host: 'BISWAJIT2000', ip: '192.168.1.106', os.name: 'Windows 11', os.arch: 'amd64', os.version: '10.0', java.version: '17.0.3.1'
Driver info: org.openqa.selenium.chrome.ChromeDriver
Command: [64a17a95e7106e21a002adbdf8972a69, clickElement {id=f.C1FF5F8A9C1D493C15E981CA82D8B519.d.D1FBD0787658CF8F184F333FDFC4B1F9.e.76}]
Capabilities {acceptInsecureCerts: false, browserName: chrome, browserVersion: 124.0.6367.60, chrome: {chromedriverVersion: 123.0.6312.86 (9b72c47a0536..., userDataDir: C:\Users\biswa\AppData\Loca...}, fedcm:accounts: true, goog:chromeOptions: {debuggerAddress: localhost:65156}, networkConnectionEnabled: false, pageLoadStrategy: normal, platformName: WINDOWS, proxy: Proxy(), se:cdp: ws://localhost:65156/devtoo..., se:cdpVersion: 124.0.6367.60, setWindowRect: true, strictFileInteractability: false, timeouts: {implicit: 0, pageLoad: 300000, script: 30000}, unhandledPromptBehavior: dismiss and notify, webauthn:extension:credBlob: true, webauthn:extension:largeBlob: true, webauthn:extension:minPinLength: true, webauthn:extension:prf: true, webauthn:virtualAuthenticators: true}
Element: [[ChromeDriver: chrome on WINDOWS (64a17a95e7106e21a002adbdf8972a69)] -> xpath: //a[contains(.,'SwitchTo')]]
Session ID: 64a17a95e7106e21a002adbdf8972a69
2024-04-19 00:50:41.122 [main] FATAL FRAMEWORK.ConnectDataSheet - Fatal Message : org.openqa.selenium.ElementClickInterceptedException: element click intercepted: Element <a href="....html" data-toggle="dropdown" class="dropdown-toggle" aria-expanded="false">SwitchTo</a> is not clickable at point (589, 87). Other element would receive the click: <iframe id="aswift_2" name="aswift_2" style="width: 100vw !important; height: 100vh !important; inset: 0px auto auto 0px !important; position: absolute !important; clear: none !important; display: inline !important; float: none !important; margin: 0px !important; max-height: none !important; max-width: none !important; opacity: 1 !important; overflow: visible !important; padding: 0px !important; vertical-align: baseline !important; visibility: visible !important; z-index: auto !important;" sandbox="allow-forms allow-popups allow-popups-to-escape-sandbox allow-same-origin allow-scripts allow-top-navigation-by-user-activation" width="" height="" frameborder="0" marginwidth="0" marginheight="0" vspace="0" hspace="0" allowtransparency="true" scrolling="no" src="https://googleads.g.doubleclick.net/pagead/html/r20240416/r20110914/zrt_lookup_fy2021.html#RS-0-&amp;adk=1812271808&amp;client=ca-pub-9173866185064071&amp;fa=8&amp;ifi=3&amp;uci=a!3" data-google-container-id="a!3" tabindex="0" title="Advertisement" aria-label="Advertisement" data-google-query-id="CIf7x-u9zIUDFUJanQkd_2MD-A" data-load-complete="true"></iframe>
  (Session info: chrome=124.0.6367.60)
Build info: version: '4.3.0', revision: 'a4995e2c09*'
System info: host: 'BISWAJIT2000', ip: '192.168.1.106', os.name: 'Windows 11', os.arch: 'amd64', os.version: '10.0', java.version: '17.0.3.1'
Driver info: org.openqa.selenium.chrome.ChromeDriver
Command: [64a17a95e7106e21a002adbdf8972a69, clickElement {id=f.C1FF5F8A9C1D493C15E981CA82D8B519.d.D1FBD0787658CF8F184F333FDFC4B1F9.e.76}]
Capabilities {acceptInsecureCerts: false, browserName: chrome, browserVersion: 124.0.6367.60, chrome: {chromedriverVersion: 123.0.6312.86 (9b72c47a0536..., userDataDir: C:\Users\biswa\AppData\Loca...}, fedcm:accounts: true, goog:chromeOptions: {debuggerAddress: localhost:65156}, networkConnectionEnabled: false, pageLoadStrategy: normal, platformName: WINDOWS, proxy: Proxy(), se:cdp: ws://localhost:65156/devtoo..., se:cdpVersion: 124.0.6367.60, setWindowRect: true, strictFileInteractability: false, timeouts: {implicit: 0, pageLoad: 300000, script: 30000}, unhandledPromptBehavior: dismiss and notify, webauthn:extension:credBlob: true, webauthn:extension:largeBlob: true, webauthn:extension:minPinLength: true, webauthn:extension:prf: true, webauthn:virtualAuthenticators: true}
Element: [[ChromeDriver: chrome on WINDOWS (64a17a95e7106e21a002adbdf8972a69)] -> xpath: //a[contains(.,'SwitchTo')]]
Session ID: 64a17a95e7106e21a002adbdf8972a69
