2024-08-27 13:27:04.424 [main] INFO  FRAMEWORK.UtilScreenshotAndReport - Logging to dynamically created file: C:\Users\biswa\eclipse-workspace\BiswajitFramework\STATIC_RESULT\2024\August\27\ApmosysMail\Logs\ApmosysMail.log
2024-08-27 13:27:08.660 [main] INFO  FRAMEWORK.ConnectDataSheet - Info Message :  org.openqa.selenium.SessionNotCreatedException: Could not start a new session. Response code 500. Message: session not created: This version of ChromeDriver only supports Chrome version 123
Current browser version is 128.0.6613.85 with binary path C:\Program Files\Google\Chrome\Application\chrome.exe
Build info: version: '4.3.0', revision: 'a4995e2c09*'
System info: host: 'BISWAJIT2000', ip: '192.168.137.1', os.name: 'Windows 11', os.arch: 'amd64', os.version: '10.0', java.version: '17.0.3.1'
Driver info: org.openqa.selenium.chrome.ChromeDriver
Command: [null, newSession {capabilities=[Capabilities {browserName: chrome, goog:chromeOptions: {args: [--remote-allow-origins=*, --no-sandbox, --disable-notifications, --disable-cache], extensions: []}, pageLoadStrategy: normal}], desiredCapabilities=Capabilities {browserName: chrome, goog:chromeOptions: {args: [--remote-allow-origins=*, --no-sandbox, --disable-notifications, --disable-cache], extensions: []}, pageLoadStrategy: normal}}]
2024-08-27 13:27:08.661 [main] WARN  FRAMEWORK.ConnectDataSheet - Warn Message :  org.openqa.selenium.SessionNotCreatedException: Could not start a new session. Response code 500. Message: session not created: This version of ChromeDriver only supports Chrome version 123
Current browser version is 128.0.6613.85 with binary path C:\Program Files\Google\Chrome\Application\chrome.exe
Build info: version: '4.3.0', revision: 'a4995e2c09*'
System info: host: 'BISWAJIT2000', ip: '192.168.137.1', os.name: 'Windows 11', os.arch: 'amd64', os.version: '10.0', java.version: '17.0.3.1'
Driver info: org.openqa.selenium.chrome.ChromeDriver
Command: [null, newSession {capabilities=[Capabilities {browserName: chrome, goog:chromeOptions: {args: [--remote-allow-origins=*, --no-sandbox, --disable-notifications, --disable-cache], extensions: []}, pageLoadStrategy: normal}], desiredCapabilities=Capabilities {browserName: chrome, goog:chromeOptions: {args: [--remote-allow-origins=*, --no-sandbox, --disable-notifications, --disable-cache], extensions: []}, pageLoadStrategy: normal}}]
2024-08-27 13:27:08.662 [main] ERROR FRAMEWORK.ConnectDataSheet - Error Message :  org.openqa.selenium.SessionNotCreatedException: Could not start a new session. Response code 500. Message: session not created: This version of ChromeDriver only supports Chrome version 123
Current browser version is 128.0.6613.85 with binary path C:\Program Files\Google\Chrome\Application\chrome.exe
Build info: version: '4.3.0', revision: 'a4995e2c09*'
System info: host: 'BISWAJIT2000', ip: '192.168.137.1', os.name: 'Windows 11', os.arch: 'amd64', os.version: '10.0', java.version: '17.0.3.1'
Driver info: org.openqa.selenium.chrome.ChromeDriver
Command: [null, newSession {capabilities=[Capabilities {browserName: chrome, goog:chromeOptions: {args: [--remote-allow-origins=*, --no-sandbox, --disable-notifications, --disable-cache], extensions: []}, pageLoadStrategy: normal}], desiredCapabilities=Capabilities {browserName: chrome, goog:chromeOptions: {args: [--remote-allow-origins=*, --no-sandbox, --disable-notifications, --disable-cache], extensions: []}, pageLoadStrategy: normal}}]
2024-08-27 13:27:08.662 [main] FATAL FRAMEWORK.ConnectDataSheet - Fatal Message : org.openqa.selenium.SessionNotCreatedException: Could not start a new session. Response code 500. Message: session not created: This version of ChromeDriver only supports Chrome version 123
Current browser version is 128.0.6613.85 with binary path C:\Program Files\Google\Chrome\Application\chrome.exe
Build info: version: '4.3.0', revision: 'a4995e2c09*'
System info: host: 'BISWAJIT2000', ip: '192.168.137.1', os.name: 'Windows 11', os.arch: 'amd64', os.version: '10.0', java.version: '17.0.3.1'
Driver info: org.openqa.selenium.chrome.ChromeDriver
Command: [null, newSession {capabilities=[Capabilities {browserName: chrome, goog:chromeOptions: {args: [--remote-allow-origins=*, --no-sandbox, --disable-notifications, --disable-cache], extensions: []}, pageLoadStrategy: normal}], desiredCapabilities=Capabilities {browserName: chrome, goog:chromeOptions: {args: [--remote-allow-origins=*, --no-sandbox, --disable-notifications, --disable-cache], extensions: []}, pageLoadStrategy: normal}}]
2024-08-27 13:27:08.714 [main] INFO  FRAMEWORK.ConnectDataSheet - Info Message :  java.lang.NullPointerException: Cannot invoke "org.openqa.selenium.WebDriver.get(String)" because "FRAMEWORK.ActionClass.driver" is null
2024-08-27 13:27:08.715 [main] WARN  FRAMEWORK.ConnectDataSheet - Warn Message :  java.lang.NullPointerException: Cannot invoke "org.openqa.selenium.WebDriver.get(String)" because "FRAMEWORK.ActionClass.driver" is null
2024-08-27 13:27:08.715 [main] ERROR FRAMEWORK.ConnectDataSheet - Error Message :  java.lang.NullPointerException: Cannot invoke "org.openqa.selenium.WebDriver.get(String)" because "FRAMEWORK.ActionClass.driver" is null
2024-08-27 13:27:08.715 [main] FATAL FRAMEWORK.ConnectDataSheet - Fatal Message : java.lang.NullPointerException: Cannot invoke "org.openqa.selenium.WebDriver.get(String)" because "FRAMEWORK.ActionClass.driver" is null
2024-08-27 13:27:08.716 [main] INFO  FRAMEWORK.ConnectDataSheet - Info Message :  java.lang.NullPointerException: Cannot invoke "org.openqa.selenium.WebDriver.manage()" because "FRAMEWORK.BrowserClass.driver" is null
2024-08-27 13:27:08.717 [main] WARN  FRAMEWORK.ConnectDataSheet - Warn Message :  java.lang.NullPointerException: Cannot invoke "org.openqa.selenium.WebDriver.manage()" because "FRAMEWORK.BrowserClass.driver" is null
2024-08-27 13:27:08.717 [main] ERROR FRAMEWORK.ConnectDataSheet - Error Message :  java.lang.NullPointerException: Cannot invoke "org.openqa.selenium.WebDriver.manage()" because "FRAMEWORK.BrowserClass.driver" is null
2024-08-27 13:27:08.717 [main] FATAL FRAMEWORK.ConnectDataSheet - Fatal Message : java.lang.NullPointerException: Cannot invoke "org.openqa.selenium.WebDriver.manage()" because "FRAMEWORK.BrowserClass.driver" is null
2024-08-27 13:27:08.723 [main] ERROR FRAMEWORK.ConnectDataSheet - ERROR MESSAGE :  java.lang.NullPointerException: Cannot invoke "org.openqa.selenium.WebDriver.findElement(org.openqa.selenium.By)" because "FRAMEWORK.LocatorClass.driver" is null
2024-08-27 13:27:08.725 [main] INFO  FRAMEWORK.ConnectDataSheet - Info Message :  java.lang.NullPointerException: Cannot invoke "org.openqa.selenium.WebElement.click()" because "FRAMEWORK.ActionClass.element" is null
2024-08-27 13:27:08.725 [main] WARN  FRAMEWORK.ConnectDataSheet - Warn Message :  java.lang.NullPointerException: Cannot invoke "org.openqa.selenium.WebElement.click()" because "FRAMEWORK.ActionClass.element" is null
2024-08-27 13:27:08.725 [main] ERROR FRAMEWORK.ConnectDataSheet - Error Message :  java.lang.NullPointerException: Cannot invoke "org.openqa.selenium.WebElement.click()" because "FRAMEWORK.ActionClass.element" is null
2024-08-27 13:27:08.725 [main] FATAL FRAMEWORK.ConnectDataSheet - Fatal Message : java.lang.NullPointerException: Cannot invoke "org.openqa.selenium.WebElement.click()" because "FRAMEWORK.ActionClass.element" is null
2024-08-27 13:27:08.726 [main] ERROR FRAMEWORK.ConnectDataSheet - ERROR MESSAGE :  java.lang.NullPointerException: Cannot invoke "org.openqa.selenium.WebDriver.findElement(org.openqa.selenium.By)" because "FRAMEWORK.LocatorClass.driver" is null
2024-08-27 13:27:08.768 [main] ERROR FRAMEWORK.ConnectDataSheet - ERROR MESSAGE :  java.lang.NullPointerException: Cannot invoke "org.openqa.selenium.WebDriver.findElement(org.openqa.selenium.By)" because "FRAMEWORK.LocatorClass.driver" is null
2024-08-27 13:27:08.769 [main] INFO  FRAMEWORK.ConnectDataSheet - Info Message :  java.lang.NullPointerException: Cannot invoke "org.openqa.selenium.WebElement.click()" because "FRAMEWORK.ActionClass.element" is null
2024-08-27 13:27:08.769 [main] WARN  FRAMEWORK.ConnectDataSheet - Warn Message :  java.lang.NullPointerException: Cannot invoke "org.openqa.selenium.WebElement.click()" because "FRAMEWORK.ActionClass.element" is null
2024-08-27 13:27:08.770 [main] ERROR FRAMEWORK.ConnectDataSheet - Error Message :  java.lang.NullPointerException: Cannot invoke "org.openqa.selenium.WebElement.click()" because "FRAMEWORK.ActionClass.element" is null
2024-08-27 13:27:08.770 [main] FATAL FRAMEWORK.ConnectDataSheet - Fatal Message : java.lang.NullPointerException: Cannot invoke "org.openqa.selenium.WebElement.click()" because "FRAMEWORK.ActionClass.element" is null
2024-08-27 13:27:08.773 [main] ERROR FRAMEWORK.ConnectDataSheet - ERROR MESSAGE :  java.lang.NullPointerException: Cannot invoke "org.openqa.selenium.WebDriver.findElement(org.openqa.selenium.By)" because "FRAMEWORK.LocatorClass.driver" is null
2024-08-27 13:27:08.774 [main] INFO  FRAMEWORK.ConnectDataSheet - Info Message :  java.lang.NullPointerException: Cannot invoke "org.openqa.selenium.WebElement.click()" because "FRAMEWORK.ActionClass.element" is null
2024-08-27 13:27:08.775 [main] WARN  FRAMEWORK.ConnectDataSheet - Warn Message :  java.lang.NullPointerException: Cannot invoke "org.openqa.selenium.WebElement.click()" because "FRAMEWORK.ActionClass.element" is null
2024-08-27 13:27:08.775 [main] ERROR FRAMEWORK.ConnectDataSheet - Error Message :  java.lang.NullPointerException: Cannot invoke "org.openqa.selenium.WebElement.click()" because "FRAMEWORK.ActionClass.element" is null
2024-08-27 13:27:08.776 [main] FATAL FRAMEWORK.ConnectDataSheet - Fatal Message : java.lang.NullPointerException: Cannot invoke "org.openqa.selenium.WebElement.click()" because "FRAMEWORK.ActionClass.element" is null
2024-08-27 13:27:08.777 [main] ERROR FRAMEWORK.ConnectDataSheet - ERROR MESSAGE :  java.lang.NullPointerException: Cannot invoke "org.openqa.selenium.WebDriver.findElement(org.openqa.selenium.By)" because "FRAMEWORK.LocatorClass.driver" is null
2024-08-27 13:27:08.826 [main] ERROR FRAMEWORK.ConnectDataSheet - ERROR MESSAGE :  java.lang.NullPointerException: Cannot invoke "org.openqa.selenium.WebDriver.findElement(org.openqa.selenium.By)" because "FRAMEWORK.LocatorClass.driver" is null
2024-08-27 13:27:08.827 [main] INFO  FRAMEWORK.ConnectDataSheet - Info Message :  java.lang.NullPointerException: Cannot invoke "org.openqa.selenium.WebElement.click()" because "FRAMEWORK.ActionClass.element" is null
2024-08-27 13:27:08.827 [main] WARN  FRAMEWORK.ConnectDataSheet - Warn Message :  java.lang.NullPointerException: Cannot invoke "org.openqa.selenium.WebElement.click()" because "FRAMEWORK.ActionClass.element" is null
2024-08-27 13:27:08.828 [main] ERROR FRAMEWORK.ConnectDataSheet - Error Message :  java.lang.NullPointerException: Cannot invoke "org.openqa.selenium.WebElement.click()" because "FRAMEWORK.ActionClass.element" is null
2024-08-27 13:27:08.828 [main] FATAL FRAMEWORK.ConnectDataSheet - Fatal Message : java.lang.NullPointerException: Cannot invoke "org.openqa.selenium.WebElement.click()" because "FRAMEWORK.ActionClass.element" is null
2024-08-27 13:27:08.829 [main] ERROR FRAMEWORK.ConnectDataSheet - ERROR MESSAGE :  java.lang.NullPointerException: Cannot invoke "org.openqa.selenium.WebDriver.findElement(org.openqa.selenium.By)" because "FRAMEWORK.LocatorClass.driver" is null
2024-08-27 13:27:08.830 [main] INFO  FRAMEWORK.ConnectDataSheet - Info Message :  java.lang.NullPointerException: Cannot invoke "org.openqa.selenium.WebElement.click()" because "FRAMEWORK.ActionClass.element" is null
2024-08-27 13:27:08.831 [main] WARN  FRAMEWORK.ConnectDataSheet - Warn Message :  java.lang.NullPointerException: Cannot invoke "org.openqa.selenium.WebElement.click()" because "FRAMEWORK.ActionClass.element" is null
2024-08-27 13:27:08.831 [main] ERROR FRAMEWORK.ConnectDataSheet - Error Message :  java.lang.NullPointerException: Cannot invoke "org.openqa.selenium.WebElement.click()" because "FRAMEWORK.ActionClass.element" is null
2024-08-27 13:27:08.831 [main] FATAL FRAMEWORK.ConnectDataSheet - Fatal Message : java.lang.NullPointerException: Cannot invoke "org.openqa.selenium.WebElement.click()" because "FRAMEWORK.ActionClass.element" is null
2024-08-27 13:27:08.835 [main] ERROR FRAMEWORK.ConnectDataSheet - ERROR MESSAGE :  java.lang.NullPointerException: Cannot invoke "org.openqa.selenium.WebDriver.findElement(org.openqa.selenium.By)" because "FRAMEWORK.LocatorClass.driver" is null
2024-08-27 13:27:08.836 [main] INFO  FRAMEWORK.ConnectDataSheet - Info Message :  java.lang.NullPointerException: Cannot invoke "org.openqa.selenium.WebElement.click()" because "FRAMEWORK.ActionClass.element" is null
2024-08-27 13:27:08.836 [main] WARN  FRAMEWORK.ConnectDataSheet - Warn Message :  java.lang.NullPointerException: Cannot invoke "org.openqa.selenium.WebElement.click()" because "FRAMEWORK.ActionClass.element" is null
2024-08-27 13:27:08.836 [main] ERROR FRAMEWORK.ConnectDataSheet - Error Message :  java.lang.NullPointerException: Cannot invoke "org.openqa.selenium.WebElement.click()" because "FRAMEWORK.ActionClass.element" is null
2024-08-27 13:27:08.836 [main] FATAL FRAMEWORK.ConnectDataSheet - Fatal Message : java.lang.NullPointerException: Cannot invoke "org.openqa.selenium.WebElement.click()" because "FRAMEWORK.ActionClass.element" is null
2024-08-27 13:27:08.841 [main] ERROR FRAMEWORK.ConnectDataSheet - ERROR MESSAGE :  java.lang.NullPointerException: Cannot invoke "org.openqa.selenium.WebDriver.findElement(org.openqa.selenium.By)" because "FRAMEWORK.LocatorClass.driver" is null
2024-08-27 13:27:08.842 [main] INFO  FRAMEWORK.ConnectDataSheet - Info Message :  java.lang.NullPointerException: Cannot invoke "org.openqa.selenium.WebElement.click()" because "FRAMEWORK.ActionClass.element" is null
2024-08-27 13:27:08.843 [main] WARN  FRAMEWORK.ConnectDataSheet - Warn Message :  java.lang.NullPointerException: Cannot invoke "org.openqa.selenium.WebElement.click()" because "FRAMEWORK.ActionClass.element" is null
2024-08-27 13:27:08.843 [main] ERROR FRAMEWORK.ConnectDataSheet - Error Message :  java.lang.NullPointerException: Cannot invoke "org.openqa.selenium.WebElement.click()" because "FRAMEWORK.ActionClass.element" is null
2024-08-27 13:27:08.843 [main] FATAL FRAMEWORK.ConnectDataSheet - Fatal Message : java.lang.NullPointerException: Cannot invoke "org.openqa.selenium.WebElement.click()" because "FRAMEWORK.ActionClass.element" is null
2024-08-27 13:27:08.844 [main] ERROR FRAMEWORK.ConnectDataSheet - ERROR MESSAGE :  java.lang.NullPointerException: Cannot invoke "org.openqa.selenium.WebDriver.findElement(org.openqa.selenium.By)" because "FRAMEWORK.LocatorClass.driver" is null
2024-08-27 13:27:08.846 [main] INFO  FRAMEWORK.ConnectDataSheet - Info Message :  java.lang.NullPointerException: Cannot invoke "org.openqa.selenium.WebElement.click()" because "FRAMEWORK.ActionClass.element" is null
2024-08-27 13:27:08.846 [main] WARN  FRAMEWORK.ConnectDataSheet - Warn Message :  java.lang.NullPointerException: Cannot invoke "org.openqa.selenium.WebElement.click()" because "FRAMEWORK.ActionClass.element" is null
2024-08-27 13:27:08.846 [main] ERROR FRAMEWORK.ConnectDataSheet - Error Message :  java.lang.NullPointerException: Cannot invoke "org.openqa.selenium.WebElement.click()" because "FRAMEWORK.ActionClass.element" is null
2024-08-27 13:27:08.846 [main] FATAL FRAMEWORK.ConnectDataSheet - Fatal Message : java.lang.NullPointerException: Cannot invoke "org.openqa.selenium.WebElement.click()" because "FRAMEWORK.ActionClass.element" is null
2024-08-27 13:27:08.847 [main] ERROR FRAMEWORK.ConnectDataSheet - ERROR MESSAGE :  java.lang.NullPointerException: Cannot invoke "org.openqa.selenium.WebDriver.findElement(org.openqa.selenium.By)" because "FRAMEWORK.LocatorClass.driver" is null
2024-08-27 13:27:08.848 [main] INFO  FRAMEWORK.ConnectDataSheet - Info Message :  java.lang.NullPointerException: Cannot invoke "org.openqa.selenium.WebElement.click()" because "FRAMEWORK.ActionClass.element" is null
2024-08-27 13:27:08.848 [main] WARN  FRAMEWORK.ConnectDataSheet - Warn Message :  java.lang.NullPointerException: Cannot invoke "org.openqa.selenium.WebElement.click()" because "FRAMEWORK.ActionClass.element" is null
2024-08-27 13:27:08.849 [main] ERROR FRAMEWORK.ConnectDataSheet - Error Message :  java.lang.NullPointerException: Cannot invoke "org.openqa.selenium.WebElement.click()" because "FRAMEWORK.ActionClass.element" is null
2024-08-27 13:27:08.849 [main] FATAL FRAMEWORK.ConnectDataSheet - Fatal Message : java.lang.NullPointerException: Cannot invoke "org.openqa.selenium.WebElement.click()" because "FRAMEWORK.ActionClass.element" is null
2024-08-27 13:27:08.850 [main] ERROR FRAMEWORK.ConnectDataSheet - ERROR MESSAGE :  java.lang.NullPointerException: Cannot invoke "org.openqa.selenium.WebDriver.findElement(org.openqa.selenium.By)" because "FRAMEWORK.LocatorClass.driver" is null
2024-08-27 13:27:08.852 [main] INFO  FRAMEWORK.ConnectDataSheet - Info Message :  java.lang.NullPointerException: Cannot invoke "org.openqa.selenium.WebElement.click()" because "FRAMEWORK.ActionClass.element" is null
2024-08-27 13:27:08.852 [main] WARN  FRAMEWORK.ConnectDataSheet - Warn Message :  java.lang.NullPointerException: Cannot invoke "org.openqa.selenium.WebElement.click()" because "FRAMEWORK.ActionClass.element" is null
2024-08-27 13:27:08.852 [main] ERROR FRAMEWORK.ConnectDataSheet - Error Message :  java.lang.NullPointerException: Cannot invoke "org.openqa.selenium.WebElement.click()" because "FRAMEWORK.ActionClass.element" is null
2024-08-27 13:27:08.853 [main] FATAL FRAMEWORK.ConnectDataSheet - Fatal Message : java.lang.NullPointerException: Cannot invoke "org.openqa.selenium.WebElement.click()" because "FRAMEWORK.ActionClass.element" is null
2024-08-27 13:27:08.854 [main] ERROR FRAMEWORK.ConnectDataSheet - ERROR MESSAGE :  java.lang.NullPointerException: Cannot invoke "org.openqa.selenium.WebDriver.findElement(org.openqa.selenium.By)" because "FRAMEWORK.LocatorClass.driver" is null
2024-08-27 13:27:08.855 [main] INFO  FRAMEWORK.ConnectDataSheet - Info Message :  java.lang.NullPointerException: Cannot invoke "org.openqa.selenium.WebElement.click()" because "FRAMEWORK.ActionClass.element" is null
2024-08-27 13:27:08.855 [main] WARN  FRAMEWORK.ConnectDataSheet - Warn Message :  java.lang.NullPointerException: Cannot invoke "org.openqa.selenium.WebElement.click()" because "FRAMEWORK.ActionClass.element" is null
2024-08-27 13:27:08.855 [main] ERROR FRAMEWORK.ConnectDataSheet - Error Message :  java.lang.NullPointerException: Cannot invoke "org.openqa.selenium.WebElement.click()" because "FRAMEWORK.ActionClass.element" is null
2024-08-27 13:27:08.855 [main] FATAL FRAMEWORK.ConnectDataSheet - Fatal Message : java.lang.NullPointerException: Cannot invoke "org.openqa.selenium.WebElement.click()" because "FRAMEWORK.ActionClass.element" is null
2024-08-27 13:27:08.856 [main] ERROR FRAMEWORK.ConnectDataSheet - ERROR MESSAGE :  java.lang.NullPointerException: Cannot invoke "org.openqa.selenium.WebDriver.findElement(org.openqa.selenium.By)" because "FRAMEWORK.LocatorClass.driver" is null
2024-08-27 13:27:08.857 [main] INFO  FRAMEWORK.ConnectDataSheet - Info Message :  java.lang.NullPointerException: Cannot invoke "org.openqa.selenium.WebElement.click()" because "FRAMEWORK.ActionClass.element" is null
2024-08-27 13:27:08.858 [main] WARN  FRAMEWORK.ConnectDataSheet - Warn Message :  java.lang.NullPointerException: Cannot invoke "org.openqa.selenium.WebElement.click()" because "FRAMEWORK.ActionClass.element" is null
2024-08-27 13:27:08.858 [main] ERROR FRAMEWORK.ConnectDataSheet - Error Message :  java.lang.NullPointerException: Cannot invoke "org.openqa.selenium.WebElement.click()" because "FRAMEWORK.ActionClass.element" is null
2024-08-27 13:27:08.858 [main] FATAL FRAMEWORK.ConnectDataSheet - Fatal Message : java.lang.NullPointerException: Cannot invoke "org.openqa.selenium.WebElement.click()" because "FRAMEWORK.ActionClass.element" is null
2024-08-27 13:27:08.859 [main] ERROR FRAMEWORK.ConnectDataSheet - ERROR MESSAGE :  java.lang.NullPointerException: Cannot invoke "org.openqa.selenium.WebDriver.findElement(org.openqa.selenium.By)" because "FRAMEWORK.LocatorClass.driver" is null
2024-08-27 13:27:08.860 [main] INFO  FRAMEWORK.ConnectDataSheet - Info Message :  java.lang.NullPointerException: Cannot invoke "org.openqa.selenium.WebElement.click()" because "FRAMEWORK.ActionClass.element" is null
2024-08-27 13:27:08.861 [main] WARN  FRAMEWORK.ConnectDataSheet - Warn Message :  java.lang.NullPointerException: Cannot invoke "org.openqa.selenium.WebElement.click()" because "FRAMEWORK.ActionClass.element" is null
2024-08-27 13:27:08.861 [main] ERROR FRAMEWORK.ConnectDataSheet - Error Message :  java.lang.NullPointerException: Cannot invoke "org.openqa.selenium.WebElement.click()" because "FRAMEWORK.ActionClass.element" is null
2024-08-27 13:27:08.861 [main] FATAL FRAMEWORK.ConnectDataSheet - Fatal Message : java.lang.NullPointerException: Cannot invoke "org.openqa.selenium.WebElement.click()" because "FRAMEWORK.ActionClass.element" is null
2024-08-27 13:27:08.862 [main] ERROR FRAMEWORK.ConnectDataSheet - ERROR MESSAGE :  java.lang.NullPointerException: Cannot invoke "org.openqa.selenium.WebDriver.findElement(org.openqa.selenium.By)" because "FRAMEWORK.LocatorClass.driver" is null
2024-08-27 13:27:08.863 [main] INFO  FRAMEWORK.ConnectDataSheet - Info Message :  java.lang.NullPointerException: Cannot invoke "org.openqa.selenium.WebElement.click()" because "FRAMEWORK.ActionClass.element" is null
2024-08-27 13:27:08.863 [main] WARN  FRAMEWORK.ConnectDataSheet - Warn Message :  java.lang.NullPointerException: Cannot invoke "org.openqa.selenium.WebElement.click()" because "FRAMEWORK.ActionClass.element" is null
2024-08-27 13:27:08.863 [main] ERROR FRAMEWORK.ConnectDataSheet - Error Message :  java.lang.NullPointerException: Cannot invoke "org.openqa.selenium.WebElement.click()" because "FRAMEWORK.ActionClass.element" is null
2024-08-27 13:27:08.863 [main] FATAL FRAMEWORK.ConnectDataSheet - Fatal Message : java.lang.NullPointerException: Cannot invoke "org.openqa.selenium.WebElement.click()" because "FRAMEWORK.ActionClass.element" is null
2024-08-27 13:27:08.864 [main] ERROR FRAMEWORK.ConnectDataSheet - ERROR MESSAGE :  java.lang.NullPointerException: Cannot invoke "org.openqa.selenium.WebDriver.findElement(org.openqa.selenium.By)" because "FRAMEWORK.LocatorClass.driver" is null
2024-08-27 13:27:08.865 [main] INFO  FRAMEWORK.ConnectDataSheet - Info Message :  java.lang.NullPointerException: Cannot invoke "org.openqa.selenium.WebElement.click()" because "FRAMEWORK.ActionClass.element" is null
2024-08-27 13:27:08.865 [main] WARN  FRAMEWORK.ConnectDataSheet - Warn Message :  java.lang.NullPointerException: Cannot invoke "org.openqa.selenium.WebElement.click()" because "FRAMEWORK.ActionClass.element" is null
2024-08-27 13:27:08.865 [main] ERROR FRAMEWORK.ConnectDataSheet - Error Message :  java.lang.NullPointerException: Cannot invoke "org.openqa.selenium.WebElement.click()" because "FRAMEWORK.ActionClass.element" is null
2024-08-27 13:27:08.865 [main] FATAL FRAMEWORK.ConnectDataSheet - Fatal Message : java.lang.NullPointerException: Cannot invoke "org.openqa.selenium.WebElement.click()" because "FRAMEWORK.ActionClass.element" is null
2024-08-27 13:27:08.866 [main] ERROR FRAMEWORK.ConnectDataSheet - ERROR MESSAGE :  java.lang.NullPointerException: Cannot invoke "org.openqa.selenium.WebDriver.findElement(org.openqa.selenium.By)" because "FRAMEWORK.LocatorClass.driver" is null
2024-08-27 13:27:08.867 [main] INFO  FRAMEWORK.ConnectDataSheet - Info Message :  java.lang.NullPointerException: Cannot invoke "org.openqa.selenium.WebElement.click()" because "FRAMEWORK.ActionClass.element" is null
2024-08-27 13:27:08.869 [main] WARN  FRAMEWORK.ConnectDataSheet - Warn Message :  java.lang.NullPointerException: Cannot invoke "org.openqa.selenium.WebElement.click()" because "FRAMEWORK.ActionClass.element" is null
2024-08-27 13:27:08.869 [main] ERROR FRAMEWORK.ConnectDataSheet - Error Message :  java.lang.NullPointerException: Cannot invoke "org.openqa.selenium.WebElement.click()" because "FRAMEWORK.ActionClass.element" is null
2024-08-27 13:27:08.869 [main] FATAL FRAMEWORK.ConnectDataSheet - Fatal Message : java.lang.NullPointerException: Cannot invoke "org.openqa.selenium.WebElement.click()" because "FRAMEWORK.ActionClass.element" is null
2024-08-27 13:27:08.870 [main] ERROR FRAMEWORK.ConnectDataSheet - ERROR MESSAGE :  java.lang.NullPointerException: Cannot invoke "org.openqa.selenium.WebDriver.findElement(org.openqa.selenium.By)" because "FRAMEWORK.LocatorClass.driver" is null
2024-08-27 13:27:08.871 [main] INFO  FRAMEWORK.ConnectDataSheet - Info Message :  java.lang.NullPointerException: Cannot invoke "org.openqa.selenium.WebElement.click()" because "FRAMEWORK.ActionClass.element" is null
2024-08-27 13:27:08.871 [main] WARN  FRAMEWORK.ConnectDataSheet - Warn Message :  java.lang.NullPointerException: Cannot invoke "org.openqa.selenium.WebElement.click()" because "FRAMEWORK.ActionClass.element" is null
2024-08-27 13:27:08.872 [main] ERROR FRAMEWORK.ConnectDataSheet - Error Message :  java.lang.NullPointerException: Cannot invoke "org.openqa.selenium.WebElement.click()" because "FRAMEWORK.ActionClass.element" is null
2024-08-27 13:27:08.873 [main] FATAL FRAMEWORK.ConnectDataSheet - Fatal Message : java.lang.NullPointerException: Cannot invoke "org.openqa.selenium.WebElement.click()" because "FRAMEWORK.ActionClass.element" is null
2024-08-27 13:27:08.874 [main] ERROR FRAMEWORK.ConnectDataSheet - ERROR MESSAGE :  java.lang.NullPointerException: Cannot invoke "org.openqa.selenium.WebDriver.findElement(org.openqa.selenium.By)" because "FRAMEWORK.LocatorClass.driver" is null
2024-08-27 13:27:08.875 [main] INFO  FRAMEWORK.ConnectDataSheet - Info Message :  java.lang.NullPointerException: Cannot invoke "org.openqa.selenium.WebElement.click()" because "FRAMEWORK.ActionClass.element" is null
2024-08-27 13:27:08.875 [main] WARN  FRAMEWORK.ConnectDataSheet - Warn Message :  java.lang.NullPointerException: Cannot invoke "org.openqa.selenium.WebElement.click()" because "FRAMEWORK.ActionClass.element" is null
2024-08-27 13:27:08.875 [main] ERROR FRAMEWORK.ConnectDataSheet - Error Message :  java.lang.NullPointerException: Cannot invoke "org.openqa.selenium.WebElement.click()" because "FRAMEWORK.ActionClass.element" is null
2024-08-27 13:27:08.875 [main] FATAL FRAMEWORK.ConnectDataSheet - Fatal Message : java.lang.NullPointerException: Cannot invoke "org.openqa.selenium.WebElement.click()" because "FRAMEWORK.ActionClass.element" is null
2024-08-27 13:27:08.876 [main] ERROR FRAMEWORK.ConnectDataSheet - ERROR MESSAGE :  java.lang.NullPointerException: Cannot invoke "org.openqa.selenium.WebDriver.findElement(org.openqa.selenium.By)" because "FRAMEWORK.LocatorClass.driver" is null
2024-08-27 13:27:08.877 [main] INFO  FRAMEWORK.ConnectDataSheet - Info Message :  java.lang.NullPointerException: Cannot invoke "org.openqa.selenium.WebElement.click()" because "FRAMEWORK.ActionClass.element" is null
2024-08-27 13:27:08.877 [main] WARN  FRAMEWORK.ConnectDataSheet - Warn Message :  java.lang.NullPointerException: Cannot invoke "org.openqa.selenium.WebElement.click()" because "FRAMEWORK.ActionClass.element" is null
2024-08-27 13:27:08.877 [main] ERROR FRAMEWORK.ConnectDataSheet - Error Message :  java.lang.NullPointerException: Cannot invoke "org.openqa.selenium.WebElement.click()" because "FRAMEWORK.ActionClass.element" is null
2024-08-27 13:27:08.878 [main] FATAL FRAMEWORK.ConnectDataSheet - Fatal Message : java.lang.NullPointerException: Cannot invoke "org.openqa.selenium.WebElement.click()" because "FRAMEWORK.ActionClass.element" is null
2024-08-27 13:27:08.879 [main] ERROR FRAMEWORK.ConnectDataSheet - ERROR MESSAGE :  java.lang.NullPointerException: Cannot invoke "org.openqa.selenium.WebDriver.findElement(org.openqa.selenium.By)" because "FRAMEWORK.LocatorClass.driver" is null
2024-08-27 13:27:08.879 [main] INFO  FRAMEWORK.ConnectDataSheet - Info Message :  java.lang.NullPointerException: Cannot invoke "org.openqa.selenium.WebElement.click()" because "FRAMEWORK.ActionClass.element" is null
2024-08-27 13:27:08.880 [main] WARN  FRAMEWORK.ConnectDataSheet - Warn Message :  java.lang.NullPointerException: Cannot invoke "org.openqa.selenium.WebElement.click()" because "FRAMEWORK.ActionClass.element" is null
2024-08-27 13:27:08.880 [main] ERROR FRAMEWORK.ConnectDataSheet - Error Message :  java.lang.NullPointerException: Cannot invoke "org.openqa.selenium.WebElement.click()" because "FRAMEWORK.ActionClass.element" is null
2024-08-27 13:27:08.880 [main] FATAL FRAMEWORK.ConnectDataSheet - Fatal Message : java.lang.NullPointerException: Cannot invoke "org.openqa.selenium.WebElement.click()" because "FRAMEWORK.ActionClass.element" is null
2024-08-27 13:27:08.881 [main] ERROR FRAMEWORK.ConnectDataSheet - ERROR MESSAGE :  java.lang.NullPointerException: Cannot invoke "org.openqa.selenium.WebDriver.findElement(org.openqa.selenium.By)" because "FRAMEWORK.LocatorClass.driver" is null
2024-08-27 13:27:08.882 [main] INFO  FRAMEWORK.ConnectDataSheet - Info Message :  java.lang.NullPointerException: Cannot invoke "org.openqa.selenium.WebElement.click()" because "FRAMEWORK.ActionClass.element" is null
2024-08-27 13:27:08.882 [main] WARN  FRAMEWORK.ConnectDataSheet - Warn Message :  java.lang.NullPointerException: Cannot invoke "org.openqa.selenium.WebElement.click()" because "FRAMEWORK.ActionClass.element" is null
2024-08-27 13:27:08.882 [main] ERROR FRAMEWORK.ConnectDataSheet - Error Message :  java.lang.NullPointerException: Cannot invoke "org.openqa.selenium.WebElement.click()" because "FRAMEWORK.ActionClass.element" is null
2024-08-27 13:27:08.882 [main] FATAL FRAMEWORK.ConnectDataSheet - Fatal Message : java.lang.NullPointerException: Cannot invoke "org.openqa.selenium.WebElement.click()" because "FRAMEWORK.ActionClass.element" is null
2024-08-27 13:27:08.883 [main] ERROR FRAMEWORK.ConnectDataSheet - ERROR MESSAGE :  java.lang.NullPointerException: Cannot invoke "org.openqa.selenium.WebDriver.findElement(org.openqa.selenium.By)" because "FRAMEWORK.LocatorClass.driver" is null
2024-08-27 13:27:08.883 [main] INFO  FRAMEWORK.ConnectDataSheet - Info Message :  java.lang.NullPointerException: Cannot invoke "org.openqa.selenium.WebElement.click()" because "FRAMEWORK.ActionClass.element" is null
2024-08-27 13:27:08.884 [main] WARN  FRAMEWORK.ConnectDataSheet - Warn Message :  java.lang.NullPointerException: Cannot invoke "org.openqa.selenium.WebElement.click()" because "FRAMEWORK.ActionClass.element" is null
2024-08-27 13:27:08.884 [main] ERROR FRAMEWORK.ConnectDataSheet - Error Message :  java.lang.NullPointerException: Cannot invoke "org.openqa.selenium.WebElement.click()" because "FRAMEWORK.ActionClass.element" is null
2024-08-27 13:27:08.884 [main] FATAL FRAMEWORK.ConnectDataSheet - Fatal Message : java.lang.NullPointerException: Cannot invoke "org.openqa.selenium.WebElement.click()" because "FRAMEWORK.ActionClass.element" is null
2024-08-27 13:27:08.885 [main] ERROR FRAMEWORK.ConnectDataSheet - ERROR MESSAGE :  java.lang.NullPointerException: Cannot invoke "org.openqa.selenium.WebDriver.findElement(org.openqa.selenium.By)" because "FRAMEWORK.LocatorClass.driver" is null
2024-08-27 13:27:08.885 [main] INFO  FRAMEWORK.ConnectDataSheet - Info Message :  java.lang.NullPointerException: Cannot invoke "org.openqa.selenium.WebElement.click()" because "FRAMEWORK.ActionClass.element" is null
2024-08-27 13:27:08.886 [main] WARN  FRAMEWORK.ConnectDataSheet - Warn Message :  java.lang.NullPointerException: Cannot invoke "org.openqa.selenium.WebElement.click()" because "FRAMEWORK.ActionClass.element" is null
2024-08-27 13:27:08.886 [main] ERROR FRAMEWORK.ConnectDataSheet - Error Message :  java.lang.NullPointerException: Cannot invoke "org.openqa.selenium.WebElement.click()" because "FRAMEWORK.ActionClass.element" is null
2024-08-27 13:27:08.886 [main] FATAL FRAMEWORK.ConnectDataSheet - Fatal Message : java.lang.NullPointerException: Cannot invoke "org.openqa.selenium.WebElement.click()" because "FRAMEWORK.ActionClass.element" is null
2024-08-27 13:28:09.349 [main] INFO  FRAMEWORK.UtilScreenshotAndReport - Logging to dynamically created file: C:\Users\biswa\eclipse-workspace\BiswajitFramework\STATIC_RESULT\2024\August\27\ApmosysMail\Logs\ApmosysMail.log
2024-08-27 13:28:59.972 [main] ERROR FRAMEWORK.ConnectDataSheet - ERROR MESSAGE :  org.openqa.selenium.NoSuchElementException: no such element: Unable to locate element: {"method":"css selector","selector":"#gui\.frm_main\.main\.list\/\*15640999\/SUBJECT"}
  (Session info: chrome=128.0.6613.85)
For documentation on this error, please visit: https://selenium.dev/exceptions/#no_such_element
Build info: version: '4.3.0', revision: 'a4995e2c09*'
System info: host: 'BISWAJIT2000', ip: '192.168.137.1', os.name: 'Windows 11', os.arch: 'amd64', os.version: '10.0', java.version: '17.0.3.1'
Driver info: org.openqa.selenium.chrome.ChromeDriver
Command: [9905a2c5df8d100eb6784e11abec559d, findElement {using=id, value=gui.frm_main.main.list/*15640999/SUBJECT}]
Capabilities {acceptInsecureCerts: false, browserName: chrome, browserVersion: 128.0.6613.85, chrome: {chromedriverVersion: 128.0.6613.84 (606aa55c7d68..., userDataDir: C:\Users\biswa\AppData\Loca...}, fedcm:accounts: true, goog:chromeOptions: {debuggerAddress: localhost:61511}, networkConnectionEnabled: false, pageLoadStrategy: normal, platformName: WINDOWS, proxy: Proxy(), se:cdp: ws://localhost:61511/devtoo..., se:cdpVersion: 128.0.6613.85, setWindowRect: true, strictFileInteractability: false, timeouts: {implicit: 0, pageLoad: 300000, script: 30000}, unhandledPromptBehavior: dismiss and notify, webauthn:extension:credBlob: true, webauthn:extension:largeBlob: true, webauthn:extension:minPinLength: true, webauthn:extension:prf: true, webauthn:virtualAuthenticators: true}
Session ID: 9905a2c5df8d100eb6784e11abec559d
2024-08-27 13:28:59.973 [main] INFO  FRAMEWORK.ConnectDataSheet - Info Message :  java.lang.NullPointerException: Cannot invoke "org.openqa.selenium.WebElement.click()" because "FRAMEWORK.ActionClass.element" is null
2024-08-27 13:28:59.974 [main] WARN  FRAMEWORK.ConnectDataSheet - Warn Message :  java.lang.NullPointerException: Cannot invoke "org.openqa.selenium.WebElement.click()" because "FRAMEWORK.ActionClass.element" is null
2024-08-27 13:28:59.974 [main] ERROR FRAMEWORK.ConnectDataSheet - Error Message :  java.lang.NullPointerException: Cannot invoke "org.openqa.selenium.WebElement.click()" because "FRAMEWORK.ActionClass.element" is null
2024-08-27 13:28:59.974 [main] FATAL FRAMEWORK.ConnectDataSheet - Fatal Message : java.lang.NullPointerException: Cannot invoke "org.openqa.selenium.WebElement.click()" because "FRAMEWORK.ActionClass.element" is null
2024-08-27 13:29:40.036 [main] ERROR FRAMEWORK.ConnectDataSheet - ERROR MESSAGE :  org.openqa.selenium.NoSuchElementException: no such element: Unable to locate element: {"method":"css selector","selector":"#gui\.frm_main\.main\.list\/\*15637597\/SUBJECT"}
  (Session info: chrome=128.0.6613.85)
For documentation on this error, please visit: https://selenium.dev/exceptions/#no_such_element
Build info: version: '4.3.0', revision: 'a4995e2c09*'
System info: host: 'BISWAJIT2000', ip: '192.168.137.1', os.name: 'Windows 11', os.arch: 'amd64', os.version: '10.0', java.version: '17.0.3.1'
Driver info: org.openqa.selenium.chrome.ChromeDriver
Command: [9905a2c5df8d100eb6784e11abec559d, findElement {using=id, value=gui.frm_main.main.list/*15637597/SUBJECT}]
Capabilities {acceptInsecureCerts: false, browserName: chrome, browserVersion: 128.0.6613.85, chrome: {chromedriverVersion: 128.0.6613.84 (606aa55c7d68..., userDataDir: C:\Users\biswa\AppData\Loca...}, fedcm:accounts: true, goog:chromeOptions: {debuggerAddress: localhost:61511}, networkConnectionEnabled: false, pageLoadStrategy: normal, platformName: WINDOWS, proxy: Proxy(), se:cdp: ws://localhost:61511/devtoo..., se:cdpVersion: 128.0.6613.85, setWindowRect: true, strictFileInteractability: false, timeouts: {implicit: 0, pageLoad: 300000, script: 30000}, unhandledPromptBehavior: dismiss and notify, webauthn:extension:credBlob: true, webauthn:extension:largeBlob: true, webauthn:extension:minPinLength: true, webauthn:extension:prf: true, webauthn:virtualAuthenticators: true}
Session ID: 9905a2c5df8d100eb6784e11abec559d
2024-08-27 13:29:40.037 [main] INFO  FRAMEWORK.ConnectDataSheet - Info Message :  java.lang.NullPointerException: Cannot invoke "org.openqa.selenium.WebElement.click()" because "FRAMEWORK.ActionClass.element" is null
2024-08-27 13:29:40.037 [main] WARN  FRAMEWORK.ConnectDataSheet - Warn Message :  java.lang.NullPointerException: Cannot invoke "org.openqa.selenium.WebElement.click()" because "FRAMEWORK.ActionClass.element" is null
2024-08-27 13:29:40.037 [main] ERROR FRAMEWORK.ConnectDataSheet - Error Message :  java.lang.NullPointerException: Cannot invoke "org.openqa.selenium.WebElement.click()" because "FRAMEWORK.ActionClass.element" is null
2024-08-27 13:29:40.037 [main] FATAL FRAMEWORK.ConnectDataSheet - Fatal Message : java.lang.NullPointerException: Cannot invoke "org.openqa.selenium.WebElement.click()" because "FRAMEWORK.ActionClass.element" is null
