2024-04-19 00:35:27.056 [main] INFO  FRAMEWORK.UtilScreenshotAndReport - Logging to dynamically created file: C:\Users\biswa\eclipse-workspace\BiswajitFramework\STATIC_RESULT\2024\April\19\ApmosysMail\Logs\ApmosysMail.log
2024-04-19 00:35:35.007 [main] INFO  FRAMEWORK.ConnectDataSheet - Info Message :  org.openqa.selenium.SessionNotCreatedException: Could not start a new session. Response code 500. Message: session not created: This version of ChromeDriver only supports Chrome version 122
Current browser version is 124.0.6367.60 with binary path C:\Program Files\Google\Chrome\Application\chrome.exe
Build info: version: '4.3.0', revision: 'a4995e2c09*'
System info: host: 'BISWAJIT2000', ip: '192.168.1.106', os.name: 'Windows 11', os.arch: 'amd64', os.version: '10.0', java.version: '17.0.3.1'
Driver info: org.openqa.selenium.chrome.ChromeDriver
Command: [null, newSession {capabilities=[Capabilities {browserName: chrome, goog:chromeOptions: {args: [--remote-allow-origins=*, --no-sandbox, --disable-notifications, --disable-cache], extensions: []}, pageLoadStrategy: normal}], desiredCapabilities=Capabilities {browserName: chrome, goog:chromeOptions: {args: [--remote-allow-origins=*, --no-sandbox, --disable-notifications, --disable-cache], extensions: []}, pageLoadStrategy: normal}}]
2024-04-19 00:35:35.009 [main] WARN  FRAMEWORK.ConnectDataSheet - Warn Message :  org.openqa.selenium.SessionNotCreatedException: Could not start a new session. Response code 500. Message: session not created: This version of ChromeDriver only supports Chrome version 122
Current browser version is 124.0.6367.60 with binary path C:\Program Files\Google\Chrome\Application\chrome.exe
Build info: version: '4.3.0', revision: 'a4995e2c09*'
System info: host: 'BISWAJIT2000', ip: '192.168.1.106', os.name: 'Windows 11', os.arch: 'amd64', os.version: '10.0', java.version: '17.0.3.1'
Driver info: org.openqa.selenium.chrome.ChromeDriver
Command: [null, newSession {capabilities=[Capabilities {browserName: chrome, goog:chromeOptions: {args: [--remote-allow-origins=*, --no-sandbox, --disable-notifications, --disable-cache], extensions: []}, pageLoadStrategy: normal}], desiredCapabilities=Capabilities {browserName: chrome, goog:chromeOptions: {args: [--remote-allow-origins=*, --no-sandbox, --disable-notifications, --disable-cache], extensions: []}, pageLoadStrategy: normal}}]
2024-04-19 00:35:35.010 [main] ERROR FRAMEWORK.ConnectDataSheet - Error Message :  org.openqa.selenium.SessionNotCreatedException: Could not start a new session. Response code 500. Message: session not created: This version of ChromeDriver only supports Chrome version 122
Current browser version is 124.0.6367.60 with binary path C:\Program Files\Google\Chrome\Application\chrome.exe
Build info: version: '4.3.0', revision: 'a4995e2c09*'
System info: host: 'BISWAJIT2000', ip: '192.168.1.106', os.name: 'Windows 11', os.arch: 'amd64', os.version: '10.0', java.version: '17.0.3.1'
Driver info: org.openqa.selenium.chrome.ChromeDriver
Command: [null, newSession {capabilities=[Capabilities {browserName: chrome, goog:chromeOptions: {args: [--remote-allow-origins=*, --no-sandbox, --disable-notifications, --disable-cache], extensions: []}, pageLoadStrategy: normal}], desiredCapabilities=Capabilities {browserName: chrome, goog:chromeOptions: {args: [--remote-allow-origins=*, --no-sandbox, --disable-notifications, --disable-cache], extensions: []}, pageLoadStrategy: normal}}]
2024-04-19 00:35:35.011 [main] FATAL FRAMEWORK.ConnectDataSheet - Fatal Message : org.openqa.selenium.SessionNotCreatedException: Could not start a new session. Response code 500. Message: session not created: This version of ChromeDriver only supports Chrome version 122
Current browser version is 124.0.6367.60 with binary path C:\Program Files\Google\Chrome\Application\chrome.exe
Build info: version: '4.3.0', revision: 'a4995e2c09*'
System info: host: 'BISWAJIT2000', ip: '192.168.1.106', os.name: 'Windows 11', os.arch: 'amd64', os.version: '10.0', java.version: '17.0.3.1'
Driver info: org.openqa.selenium.chrome.ChromeDriver
Command: [null, newSession {capabilities=[Capabilities {browserName: chrome, goog:chromeOptions: {args: [--remote-allow-origins=*, --no-sandbox, --disable-notifications, --disable-cache], extensions: []}, pageLoadStrategy: normal}], desiredCapabilities=Capabilities {browserName: chrome, goog:chromeOptions: {args: [--remote-allow-origins=*, --no-sandbox, --disable-notifications, --disable-cache], extensions: []}, pageLoadStrategy: normal}}]
2024-04-19 00:35:35.116 [main] INFO  FRAMEWORK.ConnectDataSheet - Info Message :  java.lang.NullPointerException: Cannot invoke "org.openqa.selenium.WebDriver.get(String)" because "FRAMEWORK.ActionClass.driver" is null
2024-04-19 00:35:35.117 [main] WARN  FRAMEWORK.ConnectDataSheet - Warn Message :  java.lang.NullPointerException: Cannot invoke "org.openqa.selenium.WebDriver.get(String)" because "FRAMEWORK.ActionClass.driver" is null
2024-04-19 00:35:35.117 [main] ERROR FRAMEWORK.ConnectDataSheet - Error Message :  java.lang.NullPointerException: Cannot invoke "org.openqa.selenium.WebDriver.get(String)" because "FRAMEWORK.ActionClass.driver" is null
2024-04-19 00:35:35.117 [main] FATAL FRAMEWORK.ConnectDataSheet - Fatal Message : java.lang.NullPointerException: Cannot invoke "org.openqa.selenium.WebDriver.get(String)" because "FRAMEWORK.ActionClass.driver" is null
2024-04-19 00:35:35.121 [main] INFO  FRAMEWORK.ConnectDataSheet - Info Message :  java.lang.NullPointerException: Cannot invoke "org.openqa.selenium.WebDriver.manage()" because "FRAMEWORK.BrowserClass.driver" is null
2024-04-19 00:35:35.122 [main] WARN  FRAMEWORK.ConnectDataSheet - Warn Message :  java.lang.NullPointerException: Cannot invoke "org.openqa.selenium.WebDriver.manage()" because "FRAMEWORK.BrowserClass.driver" is null
2024-04-19 00:35:35.122 [main] ERROR FRAMEWORK.ConnectDataSheet - Error Message :  java.lang.NullPointerException: Cannot invoke "org.openqa.selenium.WebDriver.manage()" because "FRAMEWORK.BrowserClass.driver" is null
2024-04-19 00:35:35.123 [main] FATAL FRAMEWORK.ConnectDataSheet - Fatal Message : java.lang.NullPointerException: Cannot invoke "org.openqa.selenium.WebDriver.manage()" because "FRAMEWORK.BrowserClass.driver" is null
2024-04-19 00:35:35.141 [main] ERROR FRAMEWORK.ConnectDataSheet - ERROR MESSAGE :  java.lang.NullPointerException: Cannot invoke "org.openqa.selenium.WebDriver.findElement(org.openqa.selenium.By)" because "FRAMEWORK.LocatorClass.driver" is null
2024-04-19 00:35:35.142 [main] INFO  FRAMEWORK.ConnectDataSheet - Info Message :  java.lang.NullPointerException: Cannot invoke "org.openqa.selenium.WebElement.click()" because "FRAMEWORK.ActionClass.element" is null
2024-04-19 00:35:35.143 [main] WARN  FRAMEWORK.ConnectDataSheet - Warn Message :  java.lang.NullPointerException: Cannot invoke "org.openqa.selenium.WebElement.click()" because "FRAMEWORK.ActionClass.element" is null
2024-04-19 00:35:35.143 [main] ERROR FRAMEWORK.ConnectDataSheet - Error Message :  java.lang.NullPointerException: Cannot invoke "org.openqa.selenium.WebElement.click()" because "FRAMEWORK.ActionClass.element" is null
2024-04-19 00:35:35.143 [main] FATAL FRAMEWORK.ConnectDataSheet - Fatal Message : java.lang.NullPointerException: Cannot invoke "org.openqa.selenium.WebElement.click()" because "FRAMEWORK.ActionClass.element" is null
2024-04-19 00:35:35.145 [main] ERROR FRAMEWORK.ConnectDataSheet - ERROR MESSAGE :  java.lang.NullPointerException: Cannot invoke "org.openqa.selenium.WebDriver.findElement(org.openqa.selenium.By)" because "FRAMEWORK.LocatorClass.driver" is null
2024-04-19 00:35:35.242 [main] ERROR FRAMEWORK.ConnectDataSheet - ERROR MESSAGE :  java.lang.NullPointerException: Cannot invoke "org.openqa.selenium.WebDriver.findElement(org.openqa.selenium.By)" because "FRAMEWORK.LocatorClass.driver" is null
2024-04-19 00:35:35.247 [main] INFO  FRAMEWORK.ConnectDataSheet - Info Message :  java.lang.NullPointerException: Cannot invoke "org.openqa.selenium.WebElement.click()" because "FRAMEWORK.ActionClass.element" is null
2024-04-19 00:35:35.249 [main] WARN  FRAMEWORK.ConnectDataSheet - Warn Message :  java.lang.NullPointerException: Cannot invoke "org.openqa.selenium.WebElement.click()" because "FRAMEWORK.ActionClass.element" is null
2024-04-19 00:35:35.251 [main] ERROR FRAMEWORK.ConnectDataSheet - Error Message :  java.lang.NullPointerException: Cannot invoke "org.openqa.selenium.WebElement.click()" because "FRAMEWORK.ActionClass.element" is null
2024-04-19 00:35:35.252 [main] FATAL FRAMEWORK.ConnectDataSheet - Fatal Message : java.lang.NullPointerException: Cannot invoke "org.openqa.selenium.WebElement.click()" because "FRAMEWORK.ActionClass.element" is null
2024-04-19 00:35:35.257 [main] ERROR FRAMEWORK.ConnectDataSheet - ERROR MESSAGE :  java.lang.NullPointerException: Cannot invoke "org.openqa.selenium.WebDriver.findElement(org.openqa.selenium.By)" because "FRAMEWORK.LocatorClass.driver" is null
2024-04-19 00:35:35.263 [main] INFO  FRAMEWORK.ConnectDataSheet - Info Message :  java.lang.NullPointerException: Cannot invoke "org.openqa.selenium.WebElement.click()" because "FRAMEWORK.ActionClass.element" is null
2024-04-19 00:35:35.264 [main] WARN  FRAMEWORK.ConnectDataSheet - Warn Message :  java.lang.NullPointerException: Cannot invoke "org.openqa.selenium.WebElement.click()" because "FRAMEWORK.ActionClass.element" is null
2024-04-19 00:35:35.264 [main] ERROR FRAMEWORK.ConnectDataSheet - Error Message :  java.lang.NullPointerException: Cannot invoke "org.openqa.selenium.WebElement.click()" because "FRAMEWORK.ActionClass.element" is null
2024-04-19 00:35:35.264 [main] FATAL FRAMEWORK.ConnectDataSheet - Fatal Message : java.lang.NullPointerException: Cannot invoke "org.openqa.selenium.WebElement.click()" because "FRAMEWORK.ActionClass.element" is null
2024-04-19 00:35:35.266 [main] ERROR FRAMEWORK.ConnectDataSheet - ERROR MESSAGE :  java.lang.NullPointerException: Cannot invoke "org.openqa.selenium.WebDriver.findElement(org.openqa.selenium.By)" because "FRAMEWORK.LocatorClass.driver" is null
2024-04-19 00:35:35.364 [main] ERROR FRAMEWORK.ConnectDataSheet - ERROR MESSAGE :  java.lang.NullPointerException: Cannot invoke "org.openqa.selenium.WebDriver.findElement(org.openqa.selenium.By)" because "FRAMEWORK.LocatorClass.driver" is null
2024-04-19 00:35:35.368 [main] INFO  FRAMEWORK.ConnectDataSheet - Info Message :  java.lang.NullPointerException: Cannot invoke "org.openqa.selenium.WebElement.click()" because "FRAMEWORK.ActionClass.element" is null
2024-04-19 00:35:35.369 [main] WARN  FRAMEWORK.ConnectDataSheet - Warn Message :  java.lang.NullPointerException: Cannot invoke "org.openqa.selenium.WebElement.click()" because "FRAMEWORK.ActionClass.element" is null
2024-04-19 00:35:35.370 [main] ERROR FRAMEWORK.ConnectDataSheet - Error Message :  java.lang.NullPointerException: Cannot invoke "org.openqa.selenium.WebElement.click()" because "FRAMEWORK.ActionClass.element" is null
2024-04-19 00:35:35.371 [main] FATAL FRAMEWORK.ConnectDataSheet - Fatal Message : java.lang.NullPointerException: Cannot invoke "org.openqa.selenium.WebElement.click()" because "FRAMEWORK.ActionClass.element" is null
2024-04-19 00:35:35.375 [main] ERROR FRAMEWORK.ConnectDataSheet - ERROR MESSAGE :  java.lang.NullPointerException: Cannot invoke "org.openqa.selenium.WebDriver.findElement(org.openqa.selenium.By)" because "FRAMEWORK.LocatorClass.driver" is null
2024-04-19 00:35:35.377 [main] INFO  FRAMEWORK.ConnectDataSheet - Info Message :  java.lang.NullPointerException: Cannot invoke "org.openqa.selenium.WebElement.click()" because "FRAMEWORK.ActionClass.element" is null
2024-04-19 00:35:35.378 [main] WARN  FRAMEWORK.ConnectDataSheet - Warn Message :  java.lang.NullPointerException: Cannot invoke "org.openqa.selenium.WebElement.click()" because "FRAMEWORK.ActionClass.element" is null
2024-04-19 00:35:35.378 [main] ERROR FRAMEWORK.ConnectDataSheet - Error Message :  java.lang.NullPointerException: Cannot invoke "org.openqa.selenium.WebElement.click()" because "FRAMEWORK.ActionClass.element" is null
2024-04-19 00:35:35.381 [main] FATAL FRAMEWORK.ConnectDataSheet - Fatal Message : java.lang.NullPointerException: Cannot invoke "org.openqa.selenium.WebElement.click()" because "FRAMEWORK.ActionClass.element" is null
2024-04-19 00:35:35.385 [main] ERROR FRAMEWORK.ConnectDataSheet - ERROR MESSAGE :  java.lang.NullPointerException: Cannot invoke "org.openqa.selenium.WebDriver.findElement(org.openqa.selenium.By)" because "FRAMEWORK.LocatorClass.driver" is null
2024-04-19 00:35:35.387 [main] INFO  FRAMEWORK.ConnectDataSheet - Info Message :  java.lang.NullPointerException: Cannot invoke "org.openqa.selenium.WebElement.click()" because "FRAMEWORK.ActionClass.element" is null
2024-04-19 00:35:35.387 [main] WARN  FRAMEWORK.ConnectDataSheet - Warn Message :  java.lang.NullPointerException: Cannot invoke "org.openqa.selenium.WebElement.click()" because "FRAMEWORK.ActionClass.element" is null
2024-04-19 00:35:35.388 [main] ERROR FRAMEWORK.ConnectDataSheet - Error Message :  java.lang.NullPointerException: Cannot invoke "org.openqa.selenium.WebElement.click()" because "FRAMEWORK.ActionClass.element" is null
2024-04-19 00:35:35.388 [main] FATAL FRAMEWORK.ConnectDataSheet - Fatal Message : java.lang.NullPointerException: Cannot invoke "org.openqa.selenium.WebElement.click()" because "FRAMEWORK.ActionClass.element" is null
2024-04-19 00:35:35.391 [main] ERROR FRAMEWORK.ConnectDataSheet - ERROR MESSAGE :  java.lang.NullPointerException: Cannot invoke "org.openqa.selenium.WebDriver.findElement(org.openqa.selenium.By)" because "FRAMEWORK.LocatorClass.driver" is null
2024-04-19 00:35:35.394 [main] INFO  FRAMEWORK.ConnectDataSheet - Info Message :  java.lang.NullPointerException: Cannot invoke "org.openqa.selenium.WebElement.click()" because "FRAMEWORK.ActionClass.element" is null
2024-04-19 00:35:35.395 [main] WARN  FRAMEWORK.ConnectDataSheet - Warn Message :  java.lang.NullPointerException: Cannot invoke "org.openqa.selenium.WebElement.click()" because "FRAMEWORK.ActionClass.element" is null
2024-04-19 00:35:35.396 [main] ERROR FRAMEWORK.ConnectDataSheet - Error Message :  java.lang.NullPointerException: Cannot invoke "org.openqa.selenium.WebElement.click()" because "FRAMEWORK.ActionClass.element" is null
2024-04-19 00:35:35.397 [main] FATAL FRAMEWORK.ConnectDataSheet - Fatal Message : java.lang.NullPointerException: Cannot invoke "org.openqa.selenium.WebElement.click()" because "FRAMEWORK.ActionClass.element" is null
2024-04-19 00:35:35.406 [main] ERROR FRAMEWORK.ConnectDataSheet - ERROR MESSAGE :  java.lang.NullPointerException: Cannot invoke "org.openqa.selenium.WebDriver.findElement(org.openqa.selenium.By)" because "FRAMEWORK.LocatorClass.driver" is null
2024-04-19 00:35:35.410 [main] INFO  FRAMEWORK.ConnectDataSheet - Info Message :  java.lang.NullPointerException: Cannot invoke "org.openqa.selenium.WebElement.click()" because "FRAMEWORK.ActionClass.element" is null
2024-04-19 00:35:35.411 [main] WARN  FRAMEWORK.ConnectDataSheet - Warn Message :  java.lang.NullPointerException: Cannot invoke "org.openqa.selenium.WebElement.click()" because "FRAMEWORK.ActionClass.element" is null
2024-04-19 00:35:35.412 [main] ERROR FRAMEWORK.ConnectDataSheet - Error Message :  java.lang.NullPointerException: Cannot invoke "org.openqa.selenium.WebElement.click()" because "FRAMEWORK.ActionClass.element" is null
2024-04-19 00:35:35.413 [main] FATAL FRAMEWORK.ConnectDataSheet - Fatal Message : java.lang.NullPointerException: Cannot invoke "org.openqa.selenium.WebElement.click()" because "FRAMEWORK.ActionClass.element" is null
2024-04-19 00:35:35.417 [main] ERROR FRAMEWORK.ConnectDataSheet - ERROR MESSAGE :  java.lang.NullPointerException: Cannot invoke "org.openqa.selenium.WebDriver.findElement(org.openqa.selenium.By)" because "FRAMEWORK.LocatorClass.driver" is null
2024-04-19 00:35:35.420 [main] INFO  FRAMEWORK.ConnectDataSheet - Info Message :  java.lang.NullPointerException: Cannot invoke "org.openqa.selenium.WebElement.click()" because "FRAMEWORK.ActionClass.element" is null
2024-04-19 00:35:35.421 [main] WARN  FRAMEWORK.ConnectDataSheet - Warn Message :  java.lang.NullPointerException: Cannot invoke "org.openqa.selenium.WebElement.click()" because "FRAMEWORK.ActionClass.element" is null
2024-04-19 00:35:35.422 [main] ERROR FRAMEWORK.ConnectDataSheet - Error Message :  java.lang.NullPointerException: Cannot invoke "org.openqa.selenium.WebElement.click()" because "FRAMEWORK.ActionClass.element" is null
2024-04-19 00:35:35.423 [main] FATAL FRAMEWORK.ConnectDataSheet - Fatal Message : java.lang.NullPointerException: Cannot invoke "org.openqa.selenium.WebElement.click()" because "FRAMEWORK.ActionClass.element" is null
2024-04-19 00:35:35.427 [main] ERROR FRAMEWORK.ConnectDataSheet - ERROR MESSAGE :  java.lang.NullPointerException: Cannot invoke "org.openqa.selenium.WebDriver.findElement(org.openqa.selenium.By)" because "FRAMEWORK.LocatorClass.driver" is null
2024-04-19 00:35:35.430 [main] INFO  FRAMEWORK.ConnectDataSheet - Info Message :  java.lang.NullPointerException: Cannot invoke "org.openqa.selenium.WebElement.click()" because "FRAMEWORK.ActionClass.element" is null
2024-04-19 00:35:35.431 [main] WARN  FRAMEWORK.ConnectDataSheet - Warn Message :  java.lang.NullPointerException: Cannot invoke "org.openqa.selenium.WebElement.click()" because "FRAMEWORK.ActionClass.element" is null
2024-04-19 00:35:35.432 [main] ERROR FRAMEWORK.ConnectDataSheet - Error Message :  java.lang.NullPointerException: Cannot invoke "org.openqa.selenium.WebElement.click()" because "FRAMEWORK.ActionClass.element" is null
2024-04-19 00:35:35.433 [main] FATAL FRAMEWORK.ConnectDataSheet - Fatal Message : java.lang.NullPointerException: Cannot invoke "org.openqa.selenium.WebElement.click()" because "FRAMEWORK.ActionClass.element" is null
2024-04-19 00:35:35.440 [main] ERROR FRAMEWORK.ConnectDataSheet - ERROR MESSAGE :  java.lang.NullPointerException: Cannot invoke "org.openqa.selenium.WebDriver.findElement(org.openqa.selenium.By)" because "FRAMEWORK.LocatorClass.driver" is null
2024-04-19 00:35:35.445 [main] INFO  FRAMEWORK.ConnectDataSheet - Info Message :  java.lang.NullPointerException: Cannot invoke "org.openqa.selenium.WebElement.click()" because "FRAMEWORK.ActionClass.element" is null
2024-04-19 00:35:35.445 [main] WARN  FRAMEWORK.ConnectDataSheet - Warn Message :  java.lang.NullPointerException: Cannot invoke "org.openqa.selenium.WebElement.click()" because "FRAMEWORK.ActionClass.element" is null
2024-04-19 00:35:35.446 [main] ERROR FRAMEWORK.ConnectDataSheet - Error Message :  java.lang.NullPointerException: Cannot invoke "org.openqa.selenium.WebElement.click()" because "FRAMEWORK.ActionClass.element" is null
2024-04-19 00:35:35.446 [main] FATAL FRAMEWORK.ConnectDataSheet - Fatal Message : java.lang.NullPointerException: Cannot invoke "org.openqa.selenium.WebElement.click()" because "FRAMEWORK.ActionClass.element" is null
2024-04-19 00:35:35.449 [main] ERROR FRAMEWORK.ConnectDataSheet - ERROR MESSAGE :  java.lang.NullPointerException: Cannot invoke "org.openqa.selenium.WebDriver.findElement(org.openqa.selenium.By)" because "FRAMEWORK.LocatorClass.driver" is null
2024-04-19 00:35:35.450 [main] INFO  FRAMEWORK.ConnectDataSheet - Info Message :  java.lang.NullPointerException: Cannot invoke "org.openqa.selenium.WebElement.click()" because "FRAMEWORK.ActionClass.element" is null
2024-04-19 00:35:35.451 [main] WARN  FRAMEWORK.ConnectDataSheet - Warn Message :  java.lang.NullPointerException: Cannot invoke "org.openqa.selenium.WebElement.click()" because "FRAMEWORK.ActionClass.element" is null
2024-04-19 00:35:35.451 [main] ERROR FRAMEWORK.ConnectDataSheet - Error Message :  java.lang.NullPointerException: Cannot invoke "org.openqa.selenium.WebElement.click()" because "FRAMEWORK.ActionClass.element" is null
2024-04-19 00:35:35.451 [main] FATAL FRAMEWORK.ConnectDataSheet - Fatal Message : java.lang.NullPointerException: Cannot invoke "org.openqa.selenium.WebElement.click()" because "FRAMEWORK.ActionClass.element" is null
2024-04-19 00:35:35.453 [main] ERROR FRAMEWORK.ConnectDataSheet - ERROR MESSAGE :  java.lang.NullPointerException: Cannot invoke "org.openqa.selenium.WebDriver.findElement(org.openqa.selenium.By)" because "FRAMEWORK.LocatorClass.driver" is null
2024-04-19 00:35:35.454 [main] INFO  FRAMEWORK.ConnectDataSheet - Info Message :  java.lang.NullPointerException: Cannot invoke "org.openqa.selenium.WebElement.click()" because "FRAMEWORK.ActionClass.element" is null
2024-04-19 00:35:35.455 [main] WARN  FRAMEWORK.ConnectDataSheet - Warn Message :  java.lang.NullPointerException: Cannot invoke "org.openqa.selenium.WebElement.click()" because "FRAMEWORK.ActionClass.element" is null
2024-04-19 00:35:35.456 [main] ERROR FRAMEWORK.ConnectDataSheet - Error Message :  java.lang.NullPointerException: Cannot invoke "org.openqa.selenium.WebElement.click()" because "FRAMEWORK.ActionClass.element" is null
2024-04-19 00:35:35.456 [main] FATAL FRAMEWORK.ConnectDataSheet - Fatal Message : java.lang.NullPointerException: Cannot invoke "org.openqa.selenium.WebElement.click()" because "FRAMEWORK.ActionClass.element" is null
2024-04-19 00:35:35.457 [main] ERROR FRAMEWORK.ConnectDataSheet - ERROR MESSAGE :  java.lang.NullPointerException: Cannot invoke "org.openqa.selenium.WebDriver.findElement(org.openqa.selenium.By)" because "FRAMEWORK.LocatorClass.driver" is null
2024-04-19 00:35:35.459 [main] INFO  FRAMEWORK.ConnectDataSheet - Info Message :  java.lang.NullPointerException: Cannot invoke "org.openqa.selenium.WebElement.click()" because "FRAMEWORK.ActionClass.element" is null
2024-04-19 00:35:35.459 [main] WARN  FRAMEWORK.ConnectDataSheet - Warn Message :  java.lang.NullPointerException: Cannot invoke "org.openqa.selenium.WebElement.click()" because "FRAMEWORK.ActionClass.element" is null
2024-04-19 00:35:35.460 [main] ERROR FRAMEWORK.ConnectDataSheet - Error Message :  java.lang.NullPointerException: Cannot invoke "org.openqa.selenium.WebElement.click()" because "FRAMEWORK.ActionClass.element" is null
2024-04-19 00:35:35.460 [main] FATAL FRAMEWORK.ConnectDataSheet - Fatal Message : java.lang.NullPointerException: Cannot invoke "org.openqa.selenium.WebElement.click()" because "FRAMEWORK.ActionClass.element" is null
2024-04-19 00:35:35.462 [main] ERROR FRAMEWORK.ConnectDataSheet - ERROR MESSAGE :  java.lang.NullPointerException: Cannot invoke "org.openqa.selenium.WebDriver.findElement(org.openqa.selenium.By)" because "FRAMEWORK.LocatorClass.driver" is null
2024-04-19 00:35:35.463 [main] INFO  FRAMEWORK.ConnectDataSheet - Info Message :  java.lang.NullPointerException: Cannot invoke "org.openqa.selenium.WebElement.click()" because "FRAMEWORK.ActionClass.element" is null
2024-04-19 00:35:35.464 [main] WARN  FRAMEWORK.ConnectDataSheet - Warn Message :  java.lang.NullPointerException: Cannot invoke "org.openqa.selenium.WebElement.click()" because "FRAMEWORK.ActionClass.element" is null
2024-04-19 00:35:35.466 [main] ERROR FRAMEWORK.ConnectDataSheet - Error Message :  java.lang.NullPointerException: Cannot invoke "org.openqa.selenium.WebElement.click()" because "FRAMEWORK.ActionClass.element" is null
2024-04-19 00:35:35.466 [main] FATAL FRAMEWORK.ConnectDataSheet - Fatal Message : java.lang.NullPointerException: Cannot invoke "org.openqa.selenium.WebElement.click()" because "FRAMEWORK.ActionClass.element" is null
2024-04-19 00:35:35.468 [main] ERROR FRAMEWORK.ConnectDataSheet - ERROR MESSAGE :  java.lang.NullPointerException: Cannot invoke "org.openqa.selenium.WebDriver.findElement(org.openqa.selenium.By)" because "FRAMEWORK.LocatorClass.driver" is null
2024-04-19 00:35:35.470 [main] INFO  FRAMEWORK.ConnectDataSheet - Info Message :  java.lang.NullPointerException: Cannot invoke "org.openqa.selenium.WebElement.click()" because "FRAMEWORK.ActionClass.element" is null
2024-04-19 00:35:35.471 [main] WARN  FRAMEWORK.ConnectDataSheet - Warn Message :  java.lang.NullPointerException: Cannot invoke "org.openqa.selenium.WebElement.click()" because "FRAMEWORK.ActionClass.element" is null
2024-04-19 00:35:35.471 [main] ERROR FRAMEWORK.ConnectDataSheet - Error Message :  java.lang.NullPointerException: Cannot invoke "org.openqa.selenium.WebElement.click()" because "FRAMEWORK.ActionClass.element" is null
2024-04-19 00:35:35.471 [main] FATAL FRAMEWORK.ConnectDataSheet - Fatal Message : java.lang.NullPointerException: Cannot invoke "org.openqa.selenium.WebElement.click()" because "FRAMEWORK.ActionClass.element" is null
2024-04-19 00:35:35.472 [main] ERROR FRAMEWORK.ConnectDataSheet - ERROR MESSAGE :  java.lang.NullPointerException: Cannot invoke "org.openqa.selenium.WebDriver.findElement(org.openqa.selenium.By)" because "FRAMEWORK.LocatorClass.driver" is null
2024-04-19 00:35:35.475 [main] INFO  FRAMEWORK.ConnectDataSheet - Info Message :  java.lang.NullPointerException: Cannot invoke "org.openqa.selenium.WebElement.click()" because "FRAMEWORK.ActionClass.element" is null
2024-04-19 00:35:35.475 [main] WARN  FRAMEWORK.ConnectDataSheet - Warn Message :  java.lang.NullPointerException: Cannot invoke "org.openqa.selenium.WebElement.click()" because "FRAMEWORK.ActionClass.element" is null
2024-04-19 00:35:35.475 [main] ERROR FRAMEWORK.ConnectDataSheet - Error Message :  java.lang.NullPointerException: Cannot invoke "org.openqa.selenium.WebElement.click()" because "FRAMEWORK.ActionClass.element" is null
2024-04-19 00:35:35.475 [main] FATAL FRAMEWORK.ConnectDataSheet - Fatal Message : java.lang.NullPointerException: Cannot invoke "org.openqa.selenium.WebElement.click()" because "FRAMEWORK.ActionClass.element" is null
2024-04-19 00:35:35.477 [main] ERROR FRAMEWORK.ConnectDataSheet - ERROR MESSAGE :  java.lang.NullPointerException: Cannot invoke "org.openqa.selenium.WebDriver.findElement(org.openqa.selenium.By)" because "FRAMEWORK.LocatorClass.driver" is null
2024-04-19 00:35:35.480 [main] INFO  FRAMEWORK.ConnectDataSheet - Info Message :  java.lang.NullPointerException: Cannot invoke "org.openqa.selenium.WebElement.click()" because "FRAMEWORK.ActionClass.element" is null
2024-04-19 00:35:35.481 [main] WARN  FRAMEWORK.ConnectDataSheet - Warn Message :  java.lang.NullPointerException: Cannot invoke "org.openqa.selenium.WebElement.click()" because "FRAMEWORK.ActionClass.element" is null
2024-04-19 00:35:35.481 [main] ERROR FRAMEWORK.ConnectDataSheet - Error Message :  java.lang.NullPointerException: Cannot invoke "org.openqa.selenium.WebElement.click()" because "FRAMEWORK.ActionClass.element" is null
2024-04-19 00:35:35.481 [main] FATAL FRAMEWORK.ConnectDataSheet - Fatal Message : java.lang.NullPointerException: Cannot invoke "org.openqa.selenium.WebElement.click()" because "FRAMEWORK.ActionClass.element" is null
2024-04-19 00:35:35.484 [main] ERROR FRAMEWORK.ConnectDataSheet - ERROR MESSAGE :  java.lang.NullPointerException: Cannot invoke "org.openqa.selenium.WebDriver.findElement(org.openqa.selenium.By)" because "FRAMEWORK.LocatorClass.driver" is null
2024-04-19 00:35:35.488 [main] INFO  FRAMEWORK.ConnectDataSheet - Info Message :  java.lang.NullPointerException: Cannot invoke "org.openqa.selenium.WebElement.click()" because "FRAMEWORK.ActionClass.element" is null
2024-04-19 00:35:35.489 [main] WARN  FRAMEWORK.ConnectDataSheet - Warn Message :  java.lang.NullPointerException: Cannot invoke "org.openqa.selenium.WebElement.click()" because "FRAMEWORK.ActionClass.element" is null
2024-04-19 00:35:35.490 [main] ERROR FRAMEWORK.ConnectDataSheet - Error Message :  java.lang.NullPointerException: Cannot invoke "org.openqa.selenium.WebElement.click()" because "FRAMEWORK.ActionClass.element" is null
2024-04-19 00:35:35.491 [main] FATAL FRAMEWORK.ConnectDataSheet - Fatal Message : java.lang.NullPointerException: Cannot invoke "org.openqa.selenium.WebElement.click()" because "FRAMEWORK.ActionClass.element" is null
2024-04-19 00:35:35.497 [main] ERROR FRAMEWORK.ConnectDataSheet - ERROR MESSAGE :  java.lang.NullPointerException: Cannot invoke "org.openqa.selenium.WebDriver.findElement(org.openqa.selenium.By)" because "FRAMEWORK.LocatorClass.driver" is null
2024-04-19 00:35:35.499 [main] INFO  FRAMEWORK.ConnectDataSheet - Info Message :  java.lang.NullPointerException: Cannot invoke "org.openqa.selenium.WebElement.click()" because "FRAMEWORK.ActionClass.element" is null
2024-04-19 00:35:35.500 [main] WARN  FRAMEWORK.ConnectDataSheet - Warn Message :  java.lang.NullPointerException: Cannot invoke "org.openqa.selenium.WebElement.click()" because "FRAMEWORK.ActionClass.element" is null
2024-04-19 00:35:35.502 [main] ERROR FRAMEWORK.ConnectDataSheet - Error Message :  java.lang.NullPointerException: Cannot invoke "org.openqa.selenium.WebElement.click()" because "FRAMEWORK.ActionClass.element" is null
2024-04-19 00:35:35.503 [main] FATAL FRAMEWORK.ConnectDataSheet - Fatal Message : java.lang.NullPointerException: Cannot invoke "org.openqa.selenium.WebElement.click()" because "FRAMEWORK.ActionClass.element" is null
2024-04-19 00:35:35.518 [main] ERROR FRAMEWORK.ConnectDataSheet - ERROR MESSAGE :  java.lang.NullPointerException: Cannot invoke "org.openqa.selenium.WebDriver.findElement(org.openqa.selenium.By)" because "FRAMEWORK.LocatorClass.driver" is null
2024-04-19 00:35:35.521 [main] INFO  FRAMEWORK.ConnectDataSheet - Info Message :  java.lang.NullPointerException: Cannot invoke "org.openqa.selenium.WebElement.click()" because "FRAMEWORK.ActionClass.element" is null
2024-04-19 00:35:35.522 [main] WARN  FRAMEWORK.ConnectDataSheet - Warn Message :  java.lang.NullPointerException: Cannot invoke "org.openqa.selenium.WebElement.click()" because "FRAMEWORK.ActionClass.element" is null
2024-04-19 00:35:35.523 [main] ERROR FRAMEWORK.ConnectDataSheet - Error Message :  java.lang.NullPointerException: Cannot invoke "org.openqa.selenium.WebElement.click()" because "FRAMEWORK.ActionClass.element" is null
2024-04-19 00:35:35.524 [main] FATAL FRAMEWORK.ConnectDataSheet - Fatal Message : java.lang.NullPointerException: Cannot invoke "org.openqa.selenium.WebElement.click()" because "FRAMEWORK.ActionClass.element" is null
2024-04-19 00:35:35.527 [main] ERROR FRAMEWORK.ConnectDataSheet - ERROR MESSAGE :  java.lang.NullPointerException: Cannot invoke "org.openqa.selenium.WebDriver.findElement(org.openqa.selenium.By)" because "FRAMEWORK.LocatorClass.driver" is null
2024-04-19 00:35:35.530 [main] INFO  FRAMEWORK.ConnectDataSheet - Info Message :  java.lang.NullPointerException: Cannot invoke "org.openqa.selenium.WebElement.click()" because "FRAMEWORK.ActionClass.element" is null
2024-04-19 00:35:35.531 [main] WARN  FRAMEWORK.ConnectDataSheet - Warn Message :  java.lang.NullPointerException: Cannot invoke "org.openqa.selenium.WebElement.click()" because "FRAMEWORK.ActionClass.element" is null
2024-04-19 00:35:35.532 [main] ERROR FRAMEWORK.ConnectDataSheet - Error Message :  java.lang.NullPointerException: Cannot invoke "org.openqa.selenium.WebElement.click()" because "FRAMEWORK.ActionClass.element" is null
2024-04-19 00:35:35.533 [main] FATAL FRAMEWORK.ConnectDataSheet - Fatal Message : java.lang.NullPointerException: Cannot invoke "org.openqa.selenium.WebElement.click()" because "FRAMEWORK.ActionClass.element" is null
2024-04-19 00:35:35.545 [main] ERROR FRAMEWORK.ConnectDataSheet - ERROR MESSAGE :  java.lang.NullPointerException: Cannot invoke "org.openqa.selenium.WebDriver.findElement(org.openqa.selenium.By)" because "FRAMEWORK.LocatorClass.driver" is null
2024-04-19 00:35:35.550 [main] INFO  FRAMEWORK.ConnectDataSheet - Info Message :  java.lang.NullPointerException: Cannot invoke "org.openqa.selenium.WebElement.click()" because "FRAMEWORK.ActionClass.element" is null
2024-04-19 00:35:35.554 [main] WARN  FRAMEWORK.ConnectDataSheet - Warn Message :  java.lang.NullPointerException: Cannot invoke "org.openqa.selenium.WebElement.click()" because "FRAMEWORK.ActionClass.element" is null
2024-04-19 00:35:35.556 [main] ERROR FRAMEWORK.ConnectDataSheet - Error Message :  java.lang.NullPointerException: Cannot invoke "org.openqa.selenium.WebElement.click()" because "FRAMEWORK.ActionClass.element" is null
2024-04-19 00:35:35.557 [main] FATAL FRAMEWORK.ConnectDataSheet - Fatal Message : java.lang.NullPointerException: Cannot invoke "org.openqa.selenium.WebElement.click()" because "FRAMEWORK.ActionClass.element" is null
2024-04-19 00:40:04.515 [main] INFO  FRAMEWORK.UtilScreenshotAndReport - Logging to dynamically created file: C:\Users\biswa\eclipse-workspace\BiswajitFramework\STATIC_RESULT\2024\April\19\ApmosysMail\Logs\ApmosysMail.log
2024-04-19 00:41:01.301 [main] ERROR FRAMEWORK.ConnectDataSheet - ERROR MESSAGE :  org.openqa.selenium.NoSuchElementException: no such element: Unable to locate element: {"method":"css selector","selector":"#gui\.frm_main\.main\.list\/\*15640999\/SUBJECT"}
  (Session info: chrome=124.0.6367.60)
For documentation on this error, please visit: https://selenium.dev/exceptions/#no_such_element
Build info: version: '4.3.0', revision: 'a4995e2c09*'
System info: host: 'BISWAJIT2000', ip: '192.168.1.106', os.name: 'Windows 11', os.arch: 'amd64', os.version: '10.0', java.version: '17.0.3.1'
Driver info: org.openqa.selenium.chrome.ChromeDriver
Command: [b1a8088b446ebc2c10f82d637fa34490, findElement {using=id, value=gui.frm_main.main.list/*15640999/SUBJECT}]
Capabilities {acceptInsecureCerts: false, browserName: chrome, browserVersion: 124.0.6367.60, chrome: {chromedriverVersion: 123.0.6312.86 (9b72c47a0536..., userDataDir: C:\Users\biswa\AppData\Loca...}, fedcm:accounts: true, goog:chromeOptions: {debuggerAddress: localhost:63384}, networkConnectionEnabled: false, pageLoadStrategy: normal, platformName: WINDOWS, proxy: Proxy(), se:cdp: ws://localhost:63384/devtoo..., se:cdpVersion: 124.0.6367.60, setWindowRect: true, strictFileInteractability: false, timeouts: {implicit: 0, pageLoad: 300000, script: 30000}, unhandledPromptBehavior: dismiss and notify, webauthn:extension:credBlob: true, webauthn:extension:largeBlob: true, webauthn:extension:minPinLength: true, webauthn:extension:prf: true, webauthn:virtualAuthenticators: true}
Session ID: b1a8088b446ebc2c10f82d637fa34490
2024-04-19 00:41:01.304 [main] INFO  FRAMEWORK.ConnectDataSheet - Info Message :  java.lang.NullPointerException: Cannot invoke "org.openqa.selenium.WebElement.click()" because "FRAMEWORK.ActionClass.element" is null
2024-04-19 00:41:01.305 [main] WARN  FRAMEWORK.ConnectDataSheet - Warn Message :  java.lang.NullPointerException: Cannot invoke "org.openqa.selenium.WebElement.click()" because "FRAMEWORK.ActionClass.element" is null
2024-04-19 00:41:01.305 [main] ERROR FRAMEWORK.ConnectDataSheet - Error Message :  java.lang.NullPointerException: Cannot invoke "org.openqa.selenium.WebElement.click()" because "FRAMEWORK.ActionClass.element" is null
2024-04-19 00:41:01.305 [main] FATAL FRAMEWORK.ConnectDataSheet - Fatal Message : java.lang.NullPointerException: Cannot invoke "org.openqa.selenium.WebElement.click()" because "FRAMEWORK.ActionClass.element" is null
2024-04-19 00:41:41.379 [main] ERROR FRAMEWORK.ConnectDataSheet - ERROR MESSAGE :  org.openqa.selenium.NoSuchElementException: no such element: Unable to locate element: {"method":"css selector","selector":"#gui\.frm_main\.main\.list\/\*15637597\/SUBJECT"}
  (Session info: chrome=124.0.6367.60)
For documentation on this error, please visit: https://selenium.dev/exceptions/#no_such_element
Build info: version: '4.3.0', revision: 'a4995e2c09*'
System info: host: 'BISWAJIT2000', ip: '192.168.1.106', os.name: 'Windows 11', os.arch: 'amd64', os.version: '10.0', java.version: '17.0.3.1'
Driver info: org.openqa.selenium.chrome.ChromeDriver
Command: [b1a8088b446ebc2c10f82d637fa34490, findElement {using=id, value=gui.frm_main.main.list/*15637597/SUBJECT}]
Capabilities {acceptInsecureCerts: false, browserName: chrome, browserVersion: 124.0.6367.60, chrome: {chromedriverVersion: 123.0.6312.86 (9b72c47a0536..., userDataDir: C:\Users\biswa\AppData\Loca...}, fedcm:accounts: true, goog:chromeOptions: {debuggerAddress: localhost:63384}, networkConnectionEnabled: false, pageLoadStrategy: normal, platformName: WINDOWS, proxy: Proxy(), se:cdp: ws://localhost:63384/devtoo..., se:cdpVersion: 124.0.6367.60, setWindowRect: true, strictFileInteractability: false, timeouts: {implicit: 0, pageLoad: 300000, script: 30000}, unhandledPromptBehavior: dismiss and notify, webauthn:extension:credBlob: true, webauthn:extension:largeBlob: true, webauthn:extension:minPinLength: true, webauthn:extension:prf: true, webauthn:virtualAuthenticators: true}
Session ID: b1a8088b446ebc2c10f82d637fa34490
2024-04-19 00:41:41.380 [main] INFO  FRAMEWORK.ConnectDataSheet - Info Message :  java.lang.NullPointerException: Cannot invoke "org.openqa.selenium.WebElement.click()" because "FRAMEWORK.ActionClass.element" is null
2024-04-19 00:41:41.381 [main] WARN  FRAMEWORK.ConnectDataSheet - Warn Message :  java.lang.NullPointerException: Cannot invoke "org.openqa.selenium.WebElement.click()" because "FRAMEWORK.ActionClass.element" is null
2024-04-19 00:41:41.381 [main] ERROR FRAMEWORK.ConnectDataSheet - Error Message :  java.lang.NullPointerException: Cannot invoke "org.openqa.selenium.WebElement.click()" because "FRAMEWORK.ActionClass.element" is null
2024-04-19 00:41:41.381 [main] FATAL FRAMEWORK.ConnectDataSheet - Fatal Message : java.lang.NullPointerException: Cannot invoke "org.openqa.selenium.WebElement.click()" because "FRAMEWORK.ActionClass.element" is null
2024-04-19 00:42:21.471 [main] ERROR FRAMEWORK.ConnectDataSheet - ERROR MESSAGE :  org.openqa.selenium.NoSuchElementException: no such element: Unable to locate element: {"method":"css selector","selector":"#gui\.frm_main\.main\.list\/\*15614735\/SUBJECT"}
  (Session info: chrome=124.0.6367.60)
For documentation on this error, please visit: https://selenium.dev/exceptions/#no_such_element
Build info: version: '4.3.0', revision: 'a4995e2c09*'
System info: host: 'BISWAJIT2000', ip: '192.168.1.106', os.name: 'Windows 11', os.arch: 'amd64', os.version: '10.0', java.version: '17.0.3.1'
Driver info: org.openqa.selenium.chrome.ChromeDriver
Command: [b1a8088b446ebc2c10f82d637fa34490, findElement {using=id, value=gui.frm_main.main.list/*15614735/SUBJECT}]
Capabilities {acceptInsecureCerts: false, browserName: chrome, browserVersion: 124.0.6367.60, chrome: {chromedriverVersion: 123.0.6312.86 (9b72c47a0536..., userDataDir: C:\Users\biswa\AppData\Loca...}, fedcm:accounts: true, goog:chromeOptions: {debuggerAddress: localhost:63384}, networkConnectionEnabled: false, pageLoadStrategy: normal, platformName: WINDOWS, proxy: Proxy(), se:cdp: ws://localhost:63384/devtoo..., se:cdpVersion: 124.0.6367.60, setWindowRect: true, strictFileInteractability: false, timeouts: {implicit: 0, pageLoad: 300000, script: 30000}, unhandledPromptBehavior: dismiss and notify, webauthn:extension:credBlob: true, webauthn:extension:largeBlob: true, webauthn:extension:minPinLength: true, webauthn:extension:prf: true, webauthn:virtualAuthenticators: true}
Session ID: b1a8088b446ebc2c10f82d637fa34490
2024-04-19 00:42:21.473 [main] INFO  FRAMEWORK.ConnectDataSheet - Info Message :  java.lang.NullPointerException: Cannot invoke "org.openqa.selenium.WebElement.click()" because "FRAMEWORK.ActionClass.element" is null
2024-04-19 00:42:21.475 [main] WARN  FRAMEWORK.ConnectDataSheet - Warn Message :  java.lang.NullPointerException: Cannot invoke "org.openqa.selenium.WebElement.click()" because "FRAMEWORK.ActionClass.element" is null
2024-04-19 00:42:21.476 [main] ERROR FRAMEWORK.ConnectDataSheet - Error Message :  java.lang.NullPointerException: Cannot invoke "org.openqa.selenium.WebElement.click()" because "FRAMEWORK.ActionClass.element" is null
2024-04-19 00:42:21.476 [main] FATAL FRAMEWORK.ConnectDataSheet - Fatal Message : java.lang.NullPointerException: Cannot invoke "org.openqa.selenium.WebElement.click()" because "FRAMEWORK.ActionClass.element" is null
2024-04-19 00:47:46.642 [main] INFO  FRAMEWORK.UtilScreenshotAndReport - Logging to dynamically created file: C:\Users\biswa\eclipse-workspace\BiswajitFramework\STATIC_RESULT\2024\April\19\ApmosysMail\Logs\ApmosysMail.log
2024-04-19 00:48:43.607 [main] ERROR FRAMEWORK.ConnectDataSheet - ERROR MESSAGE :  org.openqa.selenium.NoSuchElementException: no such element: Unable to locate element: {"method":"css selector","selector":"#gui\.frm_main\.main\.list\/\*15640999\/SUBJECT"}
  (Session info: chrome=124.0.6367.60)
For documentation on this error, please visit: https://selenium.dev/exceptions/#no_such_element
Build info: version: '4.3.0', revision: 'a4995e2c09*'
System info: host: 'BISWAJIT2000', ip: '192.168.1.106', os.name: 'Windows 11', os.arch: 'amd64', os.version: '10.0', java.version: '17.0.3.1'
Driver info: org.openqa.selenium.chrome.ChromeDriver
Command: [de9a7395c88666dd871cd9ba2d1e7726, findElement {using=id, value=gui.frm_main.main.list/*15640999/SUBJECT}]
Capabilities {acceptInsecureCerts: false, browserName: chrome, browserVersion: 124.0.6367.60, chrome: {chromedriverVersion: 123.0.6312.86 (9b72c47a0536..., userDataDir: C:\Users\biswa\AppData\Loca...}, fedcm:accounts: true, goog:chromeOptions: {debuggerAddress: localhost:64728}, networkConnectionEnabled: false, pageLoadStrategy: normal, platformName: WINDOWS, proxy: Proxy(), se:cdp: ws://localhost:64728/devtoo..., se:cdpVersion: 124.0.6367.60, setWindowRect: true, strictFileInteractability: false, timeouts: {implicit: 0, pageLoad: 300000, script: 30000}, unhandledPromptBehavior: dismiss and notify, webauthn:extension:credBlob: true, webauthn:extension:largeBlob: true, webauthn:extension:minPinLength: true, webauthn:extension:prf: true, webauthn:virtualAuthenticators: true}
Session ID: de9a7395c88666dd871cd9ba2d1e7726
2024-04-19 00:48:43.611 [main] INFO  FRAMEWORK.ConnectDataSheet - Info Message :  java.lang.NullPointerException: Cannot invoke "org.openqa.selenium.WebElement.click()" because "FRAMEWORK.ActionClass.element" is null
2024-04-19 00:48:43.611 [main] WARN  FRAMEWORK.ConnectDataSheet - Warn Message :  java.lang.NullPointerException: Cannot invoke "org.openqa.selenium.WebElement.click()" because "FRAMEWORK.ActionClass.element" is null
2024-04-19 00:48:43.611 [main] ERROR FRAMEWORK.ConnectDataSheet - Error Message :  java.lang.NullPointerException: Cannot invoke "org.openqa.selenium.WebElement.click()" because "FRAMEWORK.ActionClass.element" is null
2024-04-19 00:48:43.612 [main] FATAL FRAMEWORK.ConnectDataSheet - Fatal Message : java.lang.NullPointerException: Cannot invoke "org.openqa.selenium.WebElement.click()" because "FRAMEWORK.ActionClass.element" is null
2024-04-19 00:49:23.716 [main] ERROR FRAMEWORK.ConnectDataSheet - ERROR MESSAGE :  org.openqa.selenium.NoSuchElementException: no such element: Unable to locate element: {"method":"css selector","selector":"#gui\.frm_main\.main\.list\/\*15637597\/SUBJECT"}
  (Session info: chrome=124.0.6367.60)
For documentation on this error, please visit: https://selenium.dev/exceptions/#no_such_element
Build info: version: '4.3.0', revision: 'a4995e2c09*'
System info: host: 'BISWAJIT2000', ip: '192.168.1.106', os.name: 'Windows 11', os.arch: 'amd64', os.version: '10.0', java.version: '17.0.3.1'
Driver info: org.openqa.selenium.chrome.ChromeDriver
Command: [de9a7395c88666dd871cd9ba2d1e7726, findElement {using=id, value=gui.frm_main.main.list/*15637597/SUBJECT}]
Capabilities {acceptInsecureCerts: false, browserName: chrome, browserVersion: 124.0.6367.60, chrome: {chromedriverVersion: 123.0.6312.86 (9b72c47a0536..., userDataDir: C:\Users\biswa\AppData\Loca...}, fedcm:accounts: true, goog:chromeOptions: {debuggerAddress: localhost:64728}, networkConnectionEnabled: false, pageLoadStrategy: normal, platformName: WINDOWS, proxy: Proxy(), se:cdp: ws://localhost:64728/devtoo..., se:cdpVersion: 124.0.6367.60, setWindowRect: true, strictFileInteractability: false, timeouts: {implicit: 0, pageLoad: 300000, script: 30000}, unhandledPromptBehavior: dismiss and notify, webauthn:extension:credBlob: true, webauthn:extension:largeBlob: true, webauthn:extension:minPinLength: true, webauthn:extension:prf: true, webauthn:virtualAuthenticators: true}
Session ID: de9a7395c88666dd871cd9ba2d1e7726
2024-04-19 00:49:23.718 [main] INFO  FRAMEWORK.ConnectDataSheet - Info Message :  java.lang.NullPointerException: Cannot invoke "org.openqa.selenium.WebElement.click()" because "FRAMEWORK.ActionClass.element" is null
2024-04-19 00:49:23.718 [main] WARN  FRAMEWORK.ConnectDataSheet - Warn Message :  java.lang.NullPointerException: Cannot invoke "org.openqa.selenium.WebElement.click()" because "FRAMEWORK.ActionClass.element" is null
2024-04-19 00:49:23.719 [main] ERROR FRAMEWORK.ConnectDataSheet - Error Message :  java.lang.NullPointerException: Cannot invoke "org.openqa.selenium.WebElement.click()" because "FRAMEWORK.ActionClass.element" is null
2024-04-19 00:49:23.719 [main] FATAL FRAMEWORK.ConnectDataSheet - Fatal Message : java.lang.NullPointerException: Cannot invoke "org.openqa.selenium.WebElement.click()" because "FRAMEWORK.ActionClass.element" is null
2024-04-19 00:50:03.794 [main] ERROR FRAMEWORK.ConnectDataSheet - ERROR MESSAGE :  org.openqa.selenium.NoSuchElementException: no such element: Unable to locate element: {"method":"css selector","selector":"#gui\.frm_main\.main\.list\/\*15614735\/SUBJECT"}
  (Session info: chrome=124.0.6367.60)
For documentation on this error, please visit: https://selenium.dev/exceptions/#no_such_element
Build info: version: '4.3.0', revision: 'a4995e2c09*'
System info: host: 'BISWAJIT2000', ip: '192.168.1.106', os.name: 'Windows 11', os.arch: 'amd64', os.version: '10.0', java.version: '17.0.3.1'
Driver info: org.openqa.selenium.chrome.ChromeDriver
Command: [de9a7395c88666dd871cd9ba2d1e7726, findElement {using=id, value=gui.frm_main.main.list/*15614735/SUBJECT}]
Capabilities {acceptInsecureCerts: false, browserName: chrome, browserVersion: 124.0.6367.60, chrome: {chromedriverVersion: 123.0.6312.86 (9b72c47a0536..., userDataDir: C:\Users\biswa\AppData\Loca...}, fedcm:accounts: true, goog:chromeOptions: {debuggerAddress: localhost:64728}, networkConnectionEnabled: false, pageLoadStrategy: normal, platformName: WINDOWS, proxy: Proxy(), se:cdp: ws://localhost:64728/devtoo..., se:cdpVersion: 124.0.6367.60, setWindowRect: true, strictFileInteractability: false, timeouts: {implicit: 0, pageLoad: 300000, script: 30000}, unhandledPromptBehavior: dismiss and notify, webauthn:extension:credBlob: true, webauthn:extension:largeBlob: true, webauthn:extension:minPinLength: true, webauthn:extension:prf: true, webauthn:virtualAuthenticators: true}
Session ID: de9a7395c88666dd871cd9ba2d1e7726
2024-04-19 00:50:03.796 [main] INFO  FRAMEWORK.ConnectDataSheet - Info Message :  java.lang.NullPointerException: Cannot invoke "org.openqa.selenium.WebElement.click()" because "FRAMEWORK.ActionClass.element" is null
2024-04-19 00:50:03.796 [main] WARN  FRAMEWORK.ConnectDataSheet - Warn Message :  java.lang.NullPointerException: Cannot invoke "org.openqa.selenium.WebElement.click()" because "FRAMEWORK.ActionClass.element" is null
2024-04-19 00:50:03.796 [main] ERROR FRAMEWORK.ConnectDataSheet - Error Message :  java.lang.NullPointerException: Cannot invoke "org.openqa.selenium.WebElement.click()" because "FRAMEWORK.ActionClass.element" is null
2024-04-19 00:50:03.796 [main] FATAL FRAMEWORK.ConnectDataSheet - Fatal Message : java.lang.NullPointerException: Cannot invoke "org.openqa.selenium.WebElement.click()" because "FRAMEWORK.ActionClass.element" is null
